
===========================================================================
 report_power
============================================================================
======================= Fastest Corner ===================================

Group                  Internal  Switching    Leakage      Total
                          Power      Power      Power      Power (Watts)
----------------------------------------------------------------
Sequential             5.71e-04   4.84e-04   9.25e-09   1.05e-03  18.7%
Combinational          1.91e-03   2.67e-03   6.01e-06   4.58e-03  81.3%
Macro                  0.00e+00   0.00e+00   0.00e+00   0.00e+00   0.0%
Pad                    0.00e+00   0.00e+00   0.00e+00   0.00e+00   0.0%
----------------------------------------------------------------
Total                  2.48e-03   3.15e-03   6.02e-06   5.63e-03 100.0%
                          44.0%      55.9%       0.1%

======================= Slowest Corner ===================================

Group                  Internal  Switching    Leakage      Total
                          Power      Power      Power      Power (Watts)
----------------------------------------------------------------
Sequential             3.80e-04   3.27e-04   2.10e-08   7.07e-04  19.3%
Combinational          1.10e-03   1.80e-03   6.68e-05   2.96e-03  80.7%
Macro                  0.00e+00   0.00e+00   0.00e+00   0.00e+00   0.0%
Pad                    0.00e+00   0.00e+00   0.00e+00   0.00e+00   0.0%
----------------------------------------------------------------
Total                  1.48e-03   2.13e-03   6.68e-05   3.67e-03 100.0%
                          40.3%      57.9%       1.8%

======================= Typical Corner ===================================

Group                  Internal  Switching    Leakage      Total
                          Power      Power      Power      Power (Watts)
----------------------------------------------------------------
Sequential             4.64e-04   4.01e-04   7.87e-09   8.65e-04  19.2%
Combinational          1.43e-03   2.21e-03   4.97e-06   3.65e-03  80.8%
Macro                  0.00e+00   0.00e+00   0.00e+00   0.00e+00   0.0%
Pad                    0.00e+00   0.00e+00   0.00e+00   0.00e+00   0.0%
----------------------------------------------------------------
Total                  1.89e-03   2.61e-03   4.98e-06   4.51e-03 100.0%
                          42.0%      57.9%       0.1%

