
===========================================================================
report_checks -unconstrained
===========================================================================
======================= Fastest Corner ===================================

Startpoint: wb_rst_i (input port clocked by clk)
Endpoint: mprj/_356_ (rising edge-triggered flip-flop clocked by clk)
Path Group: clk
Path Type: max
Corner: Fastest

Fanout     Cap    Slew   Delay    Time   Description
-----------------------------------------------------------------------------
                          0.00    0.00   clock clk (rise edge)
                          5.57    5.57   clock network delay (propagated)
                         12.50   18.07 ^ input external delay
     2    0.03    0.00    0.00   18.07 ^ wb_rst_i (in)
                                         wb_rst_i (net)
                  0.00    0.00   18.07 ^ mprj/input37/I (gf180mcu_fd_sc_mcu7t5v0__buf_4)
     2    0.12    0.32    0.26   18.33 ^ mprj/input37/Z (gf180mcu_fd_sc_mcu7t5v0__buf_4)
                                         mprj/net37 (net)
                  0.33    0.03   18.36 ^ mprj/_170_/I1 (gf180mcu_fd_sc_mcu7t5v0__mux2_2)
     2    0.01    0.09    0.21   18.57 ^ mprj/_170_/Z (gf180mcu_fd_sc_mcu7t5v0__mux2_2)
                                         mprj/_033_ (net)
                  0.09    0.00   18.57 ^ mprj/_171_/I (gf180mcu_fd_sc_mcu7t5v0__clkbuf_2)
     1    0.05    0.27    0.29   18.86 ^ mprj/_171_/Z (gf180mcu_fd_sc_mcu7t5v0__clkbuf_2)
                                         mprj/net65 (net)
                  0.27    0.00   18.86 ^ mprj/fanout146/I (gf180mcu_fd_sc_mcu7t5v0__buf_16)
    14    0.48    0.29    0.26   19.12 ^ mprj/fanout146/Z (gf180mcu_fd_sc_mcu7t5v0__buf_16)
                                         mprj/net146 (net)
                  0.29    0.00   19.13 ^ mprj/fanout142/I (gf180mcu_fd_sc_mcu7t5v0__clkbuf_12)
     8    0.34    0.20    0.27   19.40 ^ mprj/fanout142/Z (gf180mcu_fd_sc_mcu7t5v0__clkbuf_12)
                                         mprj/net142 (net)
                  0.21    0.01   19.40 ^ mprj/fanout141/I (gf180mcu_fd_sc_mcu7t5v0__buf_1)
     6    0.04    0.50    0.42   19.82 ^ mprj/fanout141/Z (gf180mcu_fd_sc_mcu7t5v0__buf_1)
                                         mprj/net141 (net)
                  0.50    0.00   19.82 ^ mprj/_294_/B (gf180mcu_fd_sc_mcu7t5v0__aoi21_1)
     1    0.01    0.26    0.18   20.01 v mprj/_294_/ZN (gf180mcu_fd_sc_mcu7t5v0__aoi21_1)
                                         mprj/_014_ (net)
                  0.26    0.00   20.01 v mprj/hold75/I (gf180mcu_fd_sc_mcu7t5v0__dlyc_1)
     1    0.00    0.12    1.09   21.10 v mprj/hold75/Z (gf180mcu_fd_sc_mcu7t5v0__dlyc_1)
                                         mprj/net288 (net)
                  0.12    0.00   21.10 v mprj/hold4/I (gf180mcu_fd_sc_mcu7t5v0__dlyb_1)
     1    0.00    0.12    0.62   21.72 v mprj/hold4/Z (gf180mcu_fd_sc_mcu7t5v0__dlyb_1)
                                         mprj/net217 (net)
                  0.12    0.00   21.72 v mprj/_356_/D (gf180mcu_fd_sc_mcu7t5v0__dffq_4)
                                 21.72   data arrival time

                         25.00   25.00   clock clk (rise edge)
                          4.65   29.65   clock source latency
     2    0.31    0.61    0.00   29.65 ^ wb_clk_i (in)
                                         wb_clk_i (net)
                  0.89    0.11   29.76 ^ mprj/_172_/I1 (gf180mcu_fd_sc_mcu7t5v0__mux2_2)
     1    0.00    0.06    0.19   29.94 ^ mprj/_172_/Z (gf180mcu_fd_sc_mcu7t5v0__mux2_2)
                                         mprj/_034_ (net)
                  0.06    0.00   29.94 ^ mprj/_173_/I (gf180mcu_fd_sc_mcu7t5v0__buf_1)
     2    0.11    1.19    0.74   30.69 ^ mprj/_173_/Z (gf180mcu_fd_sc_mcu7t5v0__buf_1)
                                         mprj/counter.clk (net)
                  1.19    0.02   30.70 ^ mprj/clkbuf_0_counter.clk/I (gf180mcu_fd_sc_mcu7t5v0__clkbuf_16)
     8    0.16    0.16    0.33   31.03 ^ mprj/clkbuf_0_counter.clk/Z (gf180mcu_fd_sc_mcu7t5v0__clkbuf_16)
                                         mprj/clknet_0_counter.clk (net)
                  0.16    0.01   31.04 ^ mprj/clkbuf_2_2__f_counter.clk/I (gf180mcu_fd_sc_mcu7t5v0__clkbuf_16)
    14    0.07    0.08    0.17   31.21 ^ mprj/clkbuf_2_2__f_counter.clk/Z (gf180mcu_fd_sc_mcu7t5v0__clkbuf_16)
                                         mprj/clknet_2_2__leaf_counter.clk (net)
                  0.08    0.00   31.21 ^ mprj/_356_/CLK (gf180mcu_fd_sc_mcu7t5v0__dffq_4)
                         -0.10   31.11   clock uncertainty
                          0.00   31.11   clock reconvergence pessimism
                         -0.15   30.97   library setup time
                                 30.97   data required time
-----------------------------------------------------------------------------
                                 30.97   data required time
                                -21.72   data arrival time
-----------------------------------------------------------------------------
                                  9.25   slack (MET)



======================= Slowest Corner ===================================

Startpoint: la_oenb[47] (input port clocked by clk)
Endpoint: mprj/_351_ (rising edge-triggered flip-flop clocked by clk)
Path Group: clk
Path Type: max
Corner: Slowest

Fanout     Cap    Slew   Delay    Time   Description
-----------------------------------------------------------------------------
                          0.00    0.00   clock clk (rise edge)
                          5.57    5.57   clock network delay (propagated)
                          1.89    7.46 v input external delay
     2    0.03    0.97    0.00    7.46 v la_oenb[47] (in)
                                         la_oenb[47] (net)
                  0.97    0.00    7.46 v mprj/hold97/I (gf180mcu_fd_sc_mcu7t5v0__dlyc_1)
     1    0.01    0.42    3.71   11.17 v mprj/hold97/Z (gf180mcu_fd_sc_mcu7t5v0__dlyc_1)
                                         mprj/net310 (net)
                  0.42    0.00   11.17 v mprj/input20/I (gf180mcu_fd_sc_mcu7t5v0__clkbuf_3)
     2    0.14    1.06    1.13   12.30 v mprj/input20/Z (gf180mcu_fd_sc_mcu7t5v0__clkbuf_3)
                                         mprj/net20 (net)
                  1.06    0.04   12.33 v mprj/_193_/B (gf180mcu_fd_sc_mcu7t5v0__aoi21_2)
     4    0.05    1.77    1.37   13.70 ^ mprj/_193_/ZN (gf180mcu_fd_sc_mcu7t5v0__aoi21_2)
                                         mprj/_053_ (net)
                  1.77    0.00   13.71 ^ mprj/_194_/A2 (gf180mcu_fd_sc_mcu7t5v0__nor2_1)
     1    0.01    0.74    0.55   14.26 v mprj/_194_/ZN (gf180mcu_fd_sc_mcu7t5v0__nor2_1)
                                         mprj/_054_ (net)
                  0.74    0.00   14.26 v mprj/hold72/I (gf180mcu_fd_sc_mcu7t5v0__dlyc_1)
     1    0.02    0.56    3.78   18.04 v mprj/hold72/Z (gf180mcu_fd_sc_mcu7t5v0__dlyc_1)
                                         mprj/net285 (net)
                  0.56    0.00   18.04 v mprj/_217_/A2 (gf180mcu_fd_sc_mcu7t5v0__nand4_2)
     4    0.03    1.11    0.79   18.83 ^ mprj/_217_/ZN (gf180mcu_fd_sc_mcu7t5v0__nand4_2)
                                         mprj/_077_ (net)
                  1.11    0.00   18.83 ^ mprj/hold73/I (gf180mcu_fd_sc_mcu7t5v0__buf_1)
     4    0.05    1.32    1.18   20.01 ^ mprj/hold73/Z (gf180mcu_fd_sc_mcu7t5v0__buf_1)
                                         mprj/net286 (net)
                  1.32    0.00   20.01 ^ mprj/_259_/A1 (gf180mcu_fd_sc_mcu7t5v0__nand2_2)
     8    0.05    0.91    0.75   20.76 v mprj/_259_/ZN (gf180mcu_fd_sc_mcu7t5v0__nand2_2)
                                         mprj/_111_ (net)
                  0.91    0.00   20.76 v mprj/_260_/I (gf180mcu_fd_sc_mcu7t5v0__buf_1)
     4    0.04    0.72    1.11   21.88 v mprj/_260_/Z (gf180mcu_fd_sc_mcu7t5v0__buf_1)
                                         mprj/_112_ (net)
                  0.72    0.00   21.88 v mprj/_267_/B1 (gf180mcu_fd_sc_mcu7t5v0__aoi222_1)
     1    0.01    1.73    1.24   23.12 ^ mprj/_267_/ZN (gf180mcu_fd_sc_mcu7t5v0__aoi222_1)
                                         mprj/_119_ (net)
                  1.73    0.00   23.12 ^ mprj/hold88/I (gf180mcu_fd_sc_mcu7t5v0__dlyc_1)
     1    0.00    0.30    3.26   26.38 ^ mprj/hold88/Z (gf180mcu_fd_sc_mcu7t5v0__dlyc_1)
                                         mprj/net301 (net)
                  0.30    0.00   26.38 ^ mprj/hold39/I (gf180mcu_fd_sc_mcu7t5v0__dlyb_1)
     1    0.01    0.33    1.81   28.19 ^ mprj/hold39/Z (gf180mcu_fd_sc_mcu7t5v0__dlyb_1)
                                         mprj/net252 (net)
                  0.33    0.00   28.19 ^ mprj/_268_/A2 (gf180mcu_fd_sc_mcu7t5v0__nor2_1)
     1    0.00    0.34    0.25   28.44 v mprj/_268_/ZN (gf180mcu_fd_sc_mcu7t5v0__nor2_1)
                                         mprj/_009_ (net)
                  0.34    0.00   28.44 v mprj/hold40/I (gf180mcu_fd_sc_mcu7t5v0__dlyb_1)
     1    0.01    0.49    2.13   30.57 v mprj/hold40/Z (gf180mcu_fd_sc_mcu7t5v0__dlyb_1)
                                         mprj/net253 (net)
                  0.49    0.00   30.57 v mprj/_351_/D (gf180mcu_fd_sc_mcu7t5v0__dffq_4)
                                 30.57   data arrival time

                         25.00   25.00   clock clk (rise edge)
                          4.65   29.65   clock source latency
     2    0.31    0.61    0.00   29.65 ^ wb_clk_i (in)
                                         wb_clk_i (net)
                  0.89    0.11   29.76 ^ mprj/_172_/I1 (gf180mcu_fd_sc_mcu7t5v0__mux2_2)
     1    0.00    0.16    0.50   30.26 ^ mprj/_172_/Z (gf180mcu_fd_sc_mcu7t5v0__mux2_2)
                                         mprj/_034_ (net)
                  0.16    0.00   30.26 ^ mprj/_173_/I (gf180mcu_fd_sc_mcu7t5v0__buf_1)
     2    0.11    3.06    1.90   32.17 ^ mprj/_173_/Z (gf180mcu_fd_sc_mcu7t5v0__buf_1)
                                         mprj/counter.clk (net)
                  3.06    0.02   32.18 ^ mprj/clkbuf_0_counter.clk/I (gf180mcu_fd_sc_mcu7t5v0__clkbuf_16)
     8    0.16    0.43    0.89   33.07 ^ mprj/clkbuf_0_counter.clk/Z (gf180mcu_fd_sc_mcu7t5v0__clkbuf_16)
                                         mprj/clknet_0_counter.clk (net)
                  0.43    0.01   33.08 ^ mprj/clkbuf_2_2__f_counter.clk/I (gf180mcu_fd_sc_mcu7t5v0__clkbuf_16)
    14    0.07    0.24    0.49   33.57 ^ mprj/clkbuf_2_2__f_counter.clk/Z (gf180mcu_fd_sc_mcu7t5v0__clkbuf_16)
                                         mprj/clknet_2_2__leaf_counter.clk (net)
                  0.24    0.00   33.58 ^ mprj/_351_/CLK (gf180mcu_fd_sc_mcu7t5v0__dffq_4)
                         -0.10   33.48   clock uncertainty
                          0.00   33.48   clock reconvergence pessimism
                         -0.57   32.90   library setup time
                                 32.90   data required time
-----------------------------------------------------------------------------
                                 32.90   data required time
                                -30.57   data arrival time
-----------------------------------------------------------------------------
                                  2.33   slack (MET)



======================= Typical Corner ===================================

Startpoint: wb_rst_i (input port clocked by clk)
Endpoint: mprj/_356_ (rising edge-triggered flip-flop clocked by clk)
Path Group: clk
Path Type: max
Corner: Typical

Fanout     Cap    Slew   Delay    Time   Description
-----------------------------------------------------------------------------
                          0.00    0.00   clock clk (rise edge)
                          5.57    5.57   clock network delay (propagated)
                         12.50   18.07 ^ input external delay
     2    0.03    0.00    0.00   18.07 ^ wb_rst_i (in)
                                         wb_rst_i (net)
                  0.00    0.00   18.07 ^ mprj/input37/I (gf180mcu_fd_sc_mcu7t5v0__buf_4)
     2    0.12    0.49    0.39   18.46 ^ mprj/input37/Z (gf180mcu_fd_sc_mcu7t5v0__buf_4)
                                         mprj/net37 (net)
                  0.49    0.03   18.49 ^ mprj/_170_/I1 (gf180mcu_fd_sc_mcu7t5v0__mux2_2)
     2    0.01    0.13    0.33   18.82 ^ mprj/_170_/Z (gf180mcu_fd_sc_mcu7t5v0__mux2_2)
                                         mprj/_033_ (net)
                  0.13    0.00   18.82 ^ mprj/_171_/I (gf180mcu_fd_sc_mcu7t5v0__clkbuf_2)
     1    0.05    0.41    0.45   19.27 ^ mprj/_171_/Z (gf180mcu_fd_sc_mcu7t5v0__clkbuf_2)
                                         mprj/net65 (net)
                  0.41    0.00   19.28 ^ mprj/fanout146/I (gf180mcu_fd_sc_mcu7t5v0__buf_16)
    14    0.48    0.48    0.43   19.70 ^ mprj/fanout146/Z (gf180mcu_fd_sc_mcu7t5v0__buf_16)
                                         mprj/net146 (net)
                  0.48    0.00   19.70 ^ mprj/fanout142/I (gf180mcu_fd_sc_mcu7t5v0__clkbuf_12)
     8    0.34    0.38    0.46   20.16 ^ mprj/fanout142/Z (gf180mcu_fd_sc_mcu7t5v0__clkbuf_12)
                                         mprj/net142 (net)
                  0.38    0.01   20.17 ^ mprj/fanout141/I (gf180mcu_fd_sc_mcu7t5v0__buf_1)
     6    0.04    0.76    0.64   20.82 ^ mprj/fanout141/Z (gf180mcu_fd_sc_mcu7t5v0__buf_1)
                                         mprj/net141 (net)
                  0.76    0.00   20.82 ^ mprj/_294_/B (gf180mcu_fd_sc_mcu7t5v0__aoi21_1)
     1    0.01    0.39    0.29   21.10 v mprj/_294_/ZN (gf180mcu_fd_sc_mcu7t5v0__aoi21_1)
                                         mprj/_014_ (net)
                  0.39    0.00   21.10 v mprj/hold75/I (gf180mcu_fd_sc_mcu7t5v0__dlyc_1)
     1    0.00    0.20    1.83   22.94 v mprj/hold75/Z (gf180mcu_fd_sc_mcu7t5v0__dlyc_1)
                                         mprj/net288 (net)
                  0.20    0.00   22.94 v mprj/hold4/I (gf180mcu_fd_sc_mcu7t5v0__dlyb_1)
     1    0.00    0.20    1.04   23.98 v mprj/hold4/Z (gf180mcu_fd_sc_mcu7t5v0__dlyb_1)
                                         mprj/net217 (net)
                  0.20    0.00   23.98 v mprj/_356_/D (gf180mcu_fd_sc_mcu7t5v0__dffq_4)
                                 23.98   data arrival time

                         25.00   25.00   clock clk (rise edge)
                          4.65   29.65   clock source latency
     2    0.31    0.61    0.00   29.65 ^ wb_clk_i (in)
                                         wb_clk_i (net)
                  0.89    0.11   29.76 ^ mprj/_172_/I1 (gf180mcu_fd_sc_mcu7t5v0__mux2_2)
     1    0.00    0.09    0.29   30.05 ^ mprj/_172_/Z (gf180mcu_fd_sc_mcu7t5v0__mux2_2)
                                         mprj/_034_ (net)
                  0.09    0.00   30.05 ^ mprj/_173_/I (gf180mcu_fd_sc_mcu7t5v0__buf_1)
     2    0.11    1.79    1.11   31.16 ^ mprj/_173_/Z (gf180mcu_fd_sc_mcu7t5v0__buf_1)
                                         mprj/counter.clk (net)
                  1.79    0.02   31.18 ^ mprj/clkbuf_0_counter.clk/I (gf180mcu_fd_sc_mcu7t5v0__clkbuf_16)
     8    0.16    0.25    0.50   31.68 ^ mprj/clkbuf_0_counter.clk/Z (gf180mcu_fd_sc_mcu7t5v0__clkbuf_16)
                                         mprj/clknet_0_counter.clk (net)
                  0.25    0.01   31.68 ^ mprj/clkbuf_2_2__f_counter.clk/I (gf180mcu_fd_sc_mcu7t5v0__clkbuf_16)
    14    0.07    0.13    0.27   31.96 ^ mprj/clkbuf_2_2__f_counter.clk/Z (gf180mcu_fd_sc_mcu7t5v0__clkbuf_16)
                                         mprj/clknet_2_2__leaf_counter.clk (net)
                  0.13    0.00   31.96 ^ mprj/_356_/CLK (gf180mcu_fd_sc_mcu7t5v0__dffq_4)
                         -0.10   31.86   clock uncertainty
                          0.00   31.86   clock reconvergence pessimism
                         -0.26   31.60   library setup time
                                 31.60   data required time
-----------------------------------------------------------------------------
                                 31.60   data required time
                                -23.98   data arrival time
-----------------------------------------------------------------------------
                                  7.62   slack (MET)




===========================================================================
report_checks --slack_max -0.01
============================================================================
======================= Fastest Corner ===================================

No paths found.

======================= Slowest Corner ===================================

No paths found.

======================= Typical Corner ===================================

No paths found.


===========================================================================
 report_check_types -max_slew -max_cap -max_fanout -violators
============================================================================
======================= Fastest Corner ===================================

max fanout

Pin                                   Limit Fanout  Slack
---------------------------------------------------------
mprj/clkbuf_2_0__f_counter.clk/Z         10     22    -12 (VIOLATED)
mprj/clkbuf_2_3__f_counter.clk/Z         10     18     -8 (VIOLATED)
mprj/clkbuf_2_2__f_counter.clk/Z         10     14     -4 (VIOLATED)
mprj/fanout146/Z                         10     14     -4 (VIOLATED)
mprj/clkbuf_2_1__f_counter.clk/Z         10     12     -2 (VIOLATED)


max slew violations count Fastest: 0
max fanout violations count Fastest: 5
max cap violations count Fastest: 0
======================= Slowest Corner ===================================

max slew

Pin                                    Limit    Slew   Slack
------------------------------------------------------------
mprj/clkbuf_0_counter.clk/I             3.00    3.06   -0.06 (VIOLATED)
mprj/ANTENNA_clkbuf_0_counter.clk_I/I    3.00    3.06   -0.06 (VIOLATED)
mprj/_173_/Z                            3.00    3.06   -0.06 (VIOLATED)

max fanout

Pin                                   Limit Fanout  Slack
---------------------------------------------------------
mprj/clkbuf_2_0__f_counter.clk/Z         10     22    -12 (VIOLATED)
mprj/clkbuf_2_3__f_counter.clk/Z         10     18     -8 (VIOLATED)
mprj/clkbuf_2_2__f_counter.clk/Z         10     14     -4 (VIOLATED)
mprj/fanout146/Z                         10     14     -4 (VIOLATED)
mprj/clkbuf_2_1__f_counter.clk/Z         10     12     -2 (VIOLATED)


max slew violations count Slowest: 3
max fanout violations count Slowest: 5
max cap violations count Slowest: 0
======================= Typical Corner ===================================

max fanout

Pin                                   Limit Fanout  Slack
---------------------------------------------------------
mprj/clkbuf_2_0__f_counter.clk/Z         10     22    -12 (VIOLATED)
mprj/clkbuf_2_3__f_counter.clk/Z         10     18     -8 (VIOLATED)
mprj/clkbuf_2_2__f_counter.clk/Z         10     14     -4 (VIOLATED)
mprj/fanout146/Z                         10     14     -4 (VIOLATED)
mprj/clkbuf_2_1__f_counter.clk/Z         10     12     -2 (VIOLATED)


max slew violations count Typical: 0
max fanout violations count Typical: 5
max cap violations count Typical: 0

===========================================================================
report_parasitic_annotation -report_unannotated
============================================================================
Found 23 unannotated drivers.
 io_in[10]
 io_in[11]
 io_in[12]
 io_in[13]
 io_in[14]
 io_in[15]
 io_in[16]
 io_in[17]
 io_in[18]
 io_in[19]
 io_in[20]
 io_in[21]
 io_in[22]
 io_in[23]
 io_in[24]
 io_in[25]
 io_in[26]
 io_in[27]
 io_in[28]
 io_in[29]
 io_in[8]
 io_in[9]
 user_clock2
Found 0 partially unannotated drivers.

===========================================================================
max slew violation count 3
max fanout violation count 5
max cap violation count 0
============================================================================

===========================================================================
check_setup -verbose -unconstrained_endpoints -multiple_clock -no_clock -no_input_delay -loops -generated_clocks
===========================================================================
Warning: There are 39 input ports missing set_input_delay.
  io_in[0]
  io_in[10]
  io_in[11]
  io_in[12]
  io_in[13]
  io_in[14]
  io_in[15]
  io_in[16]
  io_in[17]
  io_in[18]
  io_in[19]
  io_in[1]
  io_in[20]
  io_in[21]
  io_in[22]
  io_in[23]
  io_in[24]
  io_in[25]
  io_in[26]
  io_in[27]
  io_in[28]
  io_in[29]
  io_in[2]
  io_in[30]
  io_in[31]
  io_in[32]
  io_in[33]
  io_in[34]
  io_in[35]
  io_in[36]
  io_in[37]
  io_in[3]
  io_in[4]
  io_in[5]
  io_in[6]
  io_in[7]
  io_in[8]
  io_in[9]
  user_clock2
Warning: There are 143 unconstrained endpoints.
  io_oeb[0]
  io_oeb[10]
  io_oeb[11]
  io_oeb[12]
  io_oeb[13]
  io_oeb[14]
  io_oeb[15]
  io_oeb[16]
  io_oeb[17]
  io_oeb[18]
  io_oeb[19]
  io_oeb[1]
  io_oeb[20]
  io_oeb[21]
  io_oeb[22]
  io_oeb[23]
  io_oeb[24]
  io_oeb[25]
  io_oeb[26]
  io_oeb[27]
  io_oeb[28]
  io_oeb[29]
  io_oeb[2]
  io_oeb[30]
  io_oeb[31]
  io_oeb[32]
  io_oeb[33]
  io_oeb[34]
  io_oeb[35]
  io_oeb[36]
  io_oeb[37]
  io_oeb[3]
  io_oeb[4]
  io_oeb[5]
  io_oeb[6]
  io_oeb[7]
  io_oeb[8]
  io_oeb[9]
  io_out[0]
  io_out[10]
  io_out[11]
  io_out[12]
  io_out[13]
  io_out[14]
  io_out[15]
  io_out[16]
  io_out[17]
  io_out[18]
  io_out[19]
  io_out[1]
  io_out[20]
  io_out[21]
  io_out[22]
  io_out[23]
  io_out[24]
  io_out[25]
  io_out[26]
  io_out[27]
  io_out[28]
  io_out[29]
  io_out[2]
  io_out[30]
  io_out[31]
  io_out[32]
  io_out[33]
  io_out[34]
  io_out[35]
  io_out[36]
  io_out[37]
  io_out[3]
  io_out[4]
  io_out[5]
  io_out[6]
  io_out[7]
  io_out[8]
  io_out[9]
  la_data_out[16]
  la_data_out[17]
  la_data_out[18]
  la_data_out[19]
  la_data_out[20]
  la_data_out[21]
  la_data_out[22]
  la_data_out[23]
  la_data_out[24]
  la_data_out[25]
  la_data_out[26]
  la_data_out[27]
  la_data_out[28]
  la_data_out[29]
  la_data_out[30]
  la_data_out[31]
  la_data_out[32]
  la_data_out[33]
  la_data_out[34]
  la_data_out[35]
  la_data_out[36]
  la_data_out[37]
  la_data_out[38]
  la_data_out[39]
  la_data_out[40]
  la_data_out[41]
  la_data_out[42]
  la_data_out[43]
  la_data_out[44]
  la_data_out[45]
  la_data_out[46]
  la_data_out[47]
  la_data_out[48]
  la_data_out[49]
  la_data_out[50]
  la_data_out[51]
  la_data_out[52]
  la_data_out[53]
  la_data_out[54]
  la_data_out[55]
  la_data_out[56]
  la_data_out[57]
  la_data_out[58]
  la_data_out[59]
  la_data_out[60]
  la_data_out[61]
  la_data_out[62]
  la_data_out[63]
  user_irq[0]
  user_irq[1]
  user_irq[2]
  wbs_dat_o[16]
  wbs_dat_o[17]
  wbs_dat_o[18]
  wbs_dat_o[19]
  wbs_dat_o[20]
  wbs_dat_o[21]
  wbs_dat_o[22]
  wbs_dat_o[23]
  wbs_dat_o[24]
  wbs_dat_o[25]
  wbs_dat_o[26]
  wbs_dat_o[27]
  wbs_dat_o[28]
  wbs_dat_o[29]
  wbs_dat_o[30]
  wbs_dat_o[31]
