
===========================================================================
 report_power
============================================================================
======================= Fastest Corner ===================================

Group                  Internal  Switching    Leakage      Total
                          Power      Power      Power      Power (Watts)
----------------------------------------------------------------
Sequential             5.71e-04   5.20e-04   9.25e-09   1.09e-03  18.8%
Combinational          1.94e-03   2.78e-03   6.01e-06   4.73e-03  81.2%
Macro                  0.00e+00   0.00e+00   0.00e+00   0.00e+00   0.0%
Pad                    0.00e+00   0.00e+00   0.00e+00   0.00e+00   0.0%
----------------------------------------------------------------
Total                  2.51e-03   3.30e-03   6.02e-06   5.82e-03 100.0%
                          43.1%      56.8%       0.1%

======================= Slowest Corner ===================================

Group                  Internal  Switching    Leakage      Total
                          Power      Power      Power      Power (Watts)
----------------------------------------------------------------
Sequential             3.80e-04   3.51e-04   2.10e-08   7.32e-04  19.3%
Combinational          1.11e-03   1.88e-03   6.68e-05   3.05e-03  80.7%
Macro                  0.00e+00   0.00e+00   0.00e+00   0.00e+00   0.0%
Pad                    0.00e+00   0.00e+00   0.00e+00   0.00e+00   0.0%
----------------------------------------------------------------
Total                  1.49e-03   2.23e-03   6.68e-05   3.78e-03 100.0%
                          39.4%      58.9%       1.8%

======================= Typical Corner ===================================

Group                  Internal  Switching    Leakage      Total
                          Power      Power      Power      Power (Watts)
----------------------------------------------------------------
Sequential             4.64e-04   4.31e-04   7.87e-09   8.95e-04  19.2%
Combinational          1.45e-03   2.31e-03   4.97e-06   3.76e-03  80.8%
Macro                  0.00e+00   0.00e+00   0.00e+00   0.00e+00   0.0%
Pad                    0.00e+00   0.00e+00   0.00e+00   0.00e+00   0.0%
----------------------------------------------------------------
Total                  1.91e-03   2.74e-03   4.98e-06   4.65e-03 100.0%
                          41.1%      58.8%       0.1%

