
===========================================================================
 report_power
============================================================================
======================= Fastest Corner ===================================

Group                  Internal  Switching    Leakage      Total
                          Power      Power      Power      Power (Watts)
----------------------------------------------------------------
Sequential             5.48e-04   4.99e-04   9.25e-09   1.05e-03  18.6%
Combinational          1.86e-03   2.73e-03   6.01e-06   4.59e-03  81.4%
Macro                  0.00e+00   0.00e+00   0.00e+00   0.00e+00   0.0%
Pad                    0.00e+00   0.00e+00   0.00e+00   0.00e+00   0.0%
----------------------------------------------------------------
Total                  2.41e-03   3.23e-03   6.02e-06   5.64e-03 100.0%
                          42.7%      57.2%       0.1%

======================= Slowest Corner ===================================

Group                  Internal  Switching    Leakage      Total
                          Power      Power      Power      Power (Watts)
----------------------------------------------------------------
Sequential             3.65e-04   3.37e-04   2.10e-08   7.02e-04  19.1%
Combinational          1.06e-03   1.84e-03   6.68e-05   2.97e-03  80.9%
Macro                  0.00e+00   0.00e+00   0.00e+00   0.00e+00   0.0%
Pad                    0.00e+00   0.00e+00   0.00e+00   0.00e+00   0.0%
----------------------------------------------------------------
Total                  1.43e-03   2.18e-03   6.68e-05   3.67e-03 100.0%
                          38.9%      59.3%       1.8%

======================= Typical Corner ===================================

Group                  Internal  Switching    Leakage      Total
                          Power      Power      Power      Power (Watts)
----------------------------------------------------------------
Sequential             4.45e-04   4.14e-04   7.87e-09   8.59e-04  19.0%
Combinational          1.39e-03   2.26e-03   4.97e-06   3.65e-03  81.0%
Macro                  0.00e+00   0.00e+00   0.00e+00   0.00e+00   0.0%
Pad                    0.00e+00   0.00e+00   0.00e+00   0.00e+00   0.0%
----------------------------------------------------------------
Total                  1.83e-03   2.67e-03   4.98e-06   4.51e-03 100.0%
                          40.6%      59.3%       0.1%

