[INFO]: Run Directory: /home/passant/efabless/caravel_user_project/openlane/user_proj_example/runs/23_06_22_14_46
[INFO]: Saving runtime environment...
[INFO]: Preparing LEF files for the nom corner...
[INFO]: Preparing LEF files for the min corner...
[INFO]: Preparing LEF files for the max corner...
[INFO]: Running linter (Verilator) (log: openlane/user_proj_example/runs/23_06_22_14_46/logs/synthesis/linter.log)...
[INFO]: 0 errors found by linter
[WARNING]: 8 warnings found by linter
[INFO]: Running Synthesis (log: openlane/user_proj_example/runs/23_06_22_14_46/logs/synthesis/1-synthesis.log)...
[INFO]: Running Single-Corner Static Timing Analysis (log: openlane/user_proj_example/runs/23_06_22_14_46/logs/synthesis/2-sta.log)...
[INFO]: Running Initial Floorplanning (log: openlane/user_proj_example/runs/23_06_22_14_46/logs/floorplan/3-initial_fp.log)...
[INFO]: Floorplanned with width 2788.52 and height 1738.08.
[INFO]: Running IO Placement (log: openlane/user_proj_example/runs/23_06_22_14_46/logs/floorplan/4-place_io.log)...
[INFO]: Running Tap/Decap Insertion (log: openlane/user_proj_example/runs/23_06_22_14_46/logs/floorplan/5-tap.log)...
[INFO]: Power planning with power {vccd1} and ground {vssd1}...
[INFO]: Generating PDN (log: openlane/user_proj_example/runs/23_06_22_14_46/logs/floorplan/6-pdn.log)...
[INFO]: Running Global Placement (log: openlane/user_proj_example/runs/23_06_22_14_46/logs/placement/7-global.log)...
[INFO]: Running Single-Corner Static Timing Analysis (log: openlane/user_proj_example/runs/23_06_22_14_46/logs/placement/8-gpl_sta.log)...
[INFO]: Running Placement Resizer Design Optimizations (log: openlane/user_proj_example/runs/23_06_22_14_46/logs/placement/9-resizer.log)...
[INFO]: Running Detailed Placement (log: openlane/user_proj_example/runs/23_06_22_14_46/logs/placement/10-detailed.log)...
[INFO]: Running Single-Corner Static Timing Analysis (log: openlane/user_proj_example/runs/23_06_22_14_46/logs/placement/11-dpl_sta.log)...
[INFO]: Running Clock Tree Synthesis (log: openlane/user_proj_example/runs/23_06_22_14_46/logs/cts/12-cts.log)...
[INFO]: Running Single-Corner Static Timing Analysis (log: openlane/user_proj_example/runs/23_06_22_14_46/logs/cts/13-cts_sta.log)...
[INFO]: Running Placement Resizer Timing Optimizations (log: openlane/user_proj_example/runs/23_06_22_14_46/logs/cts/14-resizer.log)...
[INFO]: Running Global Routing Resizer Design Optimizations (log: openlane/user_proj_example/runs/23_06_22_14_46/logs/routing/15-resizer_design.log)...
[INFO]: Running Single-Corner Static Timing Analysis (log: openlane/user_proj_example/runs/23_06_22_14_46/logs/routing/16-rsz_design_sta.log)...
[INFO]: Running Global Routing Resizer Timing Optimizations (log: openlane/user_proj_example/runs/23_06_22_14_46/logs/routing/17-resizer_timing.log)...
[INFO]: Running Single-Corner Static Timing Analysis (log: openlane/user_proj_example/runs/23_06_22_14_46/logs/routing/18-rsz_timing_sta.log)...
[INFO]: Running Heuristic Diode Insertion (log: openlane/user_proj_example/runs/23_06_22_14_46/logs/routing/19-diodes.log)...
[INFO]: Running Detailed Placement (log: openlane/user_proj_example/runs/23_06_22_14_46/logs/routing/20-diode_legalization.log)...
[INFO]: Running Global Routing (log: openlane/user_proj_example/runs/23_06_22_14_46/logs/routing/21-global.log)...
[INFO]: Starting OpenROAD Antenna Repair Iterations...
[INFO]: Writing Verilog (log: openlane/user_proj_example/runs/23_06_22_14_46/logs/routing/21-global_write_netlist.log)...
[INFO]: Running Single-Corner Static Timing Analysis (log: openlane/user_proj_example/runs/23_06_22_14_46/logs/routing/23-grt_sta.log)...
[INFO]: Running Fill Insertion (log: openlane/user_proj_example/runs/23_06_22_14_46/logs/routing/24-fill.log)...
[INFO]: Running Detailed Routing (log: openlane/user_proj_example/runs/23_06_22_14_46/logs/routing/25-detailed.log)...
[INFO]: No DRC violations after detailed routing.
[INFO]: Checking Wire Lengths (log: openlane/user_proj_example/runs/23_06_22_14_46/logs/routing/26-wire_lengths.log)...
[INFO]: Running SPEF Extraction at the min process corner (log: openlane/user_proj_example/runs/23_06_22_14_46/logs/signoff/27-parasitics_extraction.min.log)...
[INFO]: Running Multi-Corner Static Timing Analysis at the min process corner (log: openlane/user_proj_example/runs/23_06_22_14_46/logs/signoff/28-rcx_mcsta.min.log)...
[INFO]: Running SPEF Extraction at the max process corner (log: openlane/user_proj_example/runs/23_06_22_14_46/logs/signoff/29-parasitics_extraction.max.log)...
[INFO]: Running Multi-Corner Static Timing Analysis at the max process corner (log: openlane/user_proj_example/runs/23_06_22_14_46/logs/signoff/30-rcx_mcsta.max.log)...
[INFO]: Running SPEF Extraction at the nom process corner (log: openlane/user_proj_example/runs/23_06_22_14_46/logs/signoff/31-parasitics_extraction.nom.log)...
[INFO]: Running Multi-Corner Static Timing Analysis at the nom process corner (log: openlane/user_proj_example/runs/23_06_22_14_46/logs/signoff/32-rcx_mcsta.nom.log)...
[INFO]: Running Single-Corner Static Timing Analysis at the nom process corner (log: openlane/user_proj_example/runs/23_06_22_14_46/logs/signoff/33-rcx_sta.log)...
[WARNING]: Module sky130_fd_sc_hd__tapvpwrvgnd_1 blackboxed during sta
[WARNING]: Module sky130_ef_sc_hd__decap_12 blackboxed during sta
[WARNING]: Module sky130_fd_sc_hd__fill_1 blackboxed during sta
[WARNING]: Module sky130_fd_sc_hd__fill_2 blackboxed during sta
[INFO]: Creating IR Drop Report (log: openlane/user_proj_example/runs/23_06_22_14_46/logs/signoff/34-irdrop.log)...
[WARNING]: VSRC_LOC_FILES is not defined. The IR drop analysis will run, but the values may be inaccurate.
[INFO]: Running Magic to generate various views...
[INFO]: Streaming out GDSII with Magic (log: openlane/user_proj_example/runs/23_06_22_14_46/logs/signoff/35-gdsii.log)...
[INFO]: Generating MAGLEF views...
[INFO]: Generating lef with Magic (/home/passant/efabless/caravel_user_project/openlane/user_proj_example/runs/23_06_22_14_46/logs/signoff/35-lef.log)...
[INFO]: Streaming out GDSII with KLayout (log: openlane/user_proj_example/runs/23_06_22_14_46/logs/signoff/36-gdsii-klayout.log)...
[INFO]: Running XOR on the layouts using KLayout (log: openlane/user_proj_example/runs/23_06_22_14_46/logs/signoff/37-xor.log)...
[INFO]: No XOR differences between KLayout and Magic gds.
[INFO]: Running Magic Spice Export from LEF (log: openlane/user_proj_example/runs/23_06_22_14_46/logs/signoff/38-spice.log)...
[INFO]: Writing Powered Verilog (logs: openlane/user_proj_example/runs/23_06_22_14_46/logs/signoff/39-write_powered_def.log, openlane/user_proj_example/runs/23_06_22_14_46/logs/signoff/39-write_powered_verilog.log)...
[INFO]: Writing Verilog (log: openlane/user_proj_example/runs/23_06_22_14_46/logs/signoff/39-write_powered_verilog.log)...
[INFO]: Running LVS (log: openlane/user_proj_example/runs/23_06_22_14_46/logs/signoff/41-lvs.lef.log)...
[INFO]: Running Magic DRC (log: openlane/user_proj_example/runs/23_06_22_14_46/logs/signoff/42-drc.log)...
[INFO]: Converting Magic DRC database to various tool-readable formats...
[INFO]: No DRC violations after GDS streaming out.
[INFO]: Running OpenROAD Antenna Rule Checker (log: openlane/user_proj_example/runs/23_06_22_14_46/logs/signoff/43-antenna.log)...
[INFO]: Running Circuit Validity Checker ERC (log: openlane/user_proj_example/runs/23_06_22_14_46/logs/signoff/44-erc_screen.log)...
[INFO]: Saving current set of views in 'openlane/user_proj_example/runs/23_06_22_14_46/results/final'...
[INFO]: Saving current set of views in '.'...
[INFO]: Saving runtime environment...
[INFO]: Generating final set of reports...
[INFO]: Created manufacturability report at 'openlane/user_proj_example/runs/23_06_22_14_46/reports/manufacturability.rpt'.
[INFO]: Created metrics report at 'openlane/user_proj_example/runs/23_06_22_14_46/reports/metrics.csv'.
[WARNING]: There are max fanout violations in the design at the typical corner. Please refer to 'openlane/user_proj_example/runs/23_06_22_14_46/reports/signoff/33-rcx_sta.checks.rpt'.
[INFO]: There are no hold violations in the design at the typical corner.
[INFO]: There are no setup violations in the design at the typical corner.
[SUCCESS]: Flow complete.
[INFO]: Note that the following warnings have been generated:
