
===========================================================================
report_checks -unconstrained
============================================================================
Startpoint: wbs_stb_i (input port clocked by clk)
Endpoint: _296_ (rising edge-triggered flip-flop clocked by clk)
Path Group: clk
Path Type: max

Fanout     Cap    Slew   Delay    Time   Description
-----------------------------------------------------------------------------
                          0.00    0.00   clock clk (rise edge)
                          6.00    6.00   clock network delay (propagated)
                         10.00   16.00 ^ input external delay
                  0.44    0.00   16.00 ^ wbs_stb_i (in)
     1    0.00                           wbs_stb_i (net)
                  0.44    0.00   16.00 ^ hold137/A (sky130_fd_sc_hd__clkbuf_2)
                  0.04    0.19   16.19 ^ hold137/X (sky130_fd_sc_hd__clkbuf_2)
     1    0.00                           net440 (net)
                  0.04    0.00   16.19 ^ hold76/A (sky130_fd_sc_hd__clkbuf_2)
                  0.03    0.09   16.28 ^ hold76/X (sky130_fd_sc_hd__clkbuf_2)
     1    0.00                           net379 (net)
                  0.03    0.00   16.28 ^ hold138/A (sky130_fd_sc_hd__clkbuf_2)
                  0.04    0.10   16.38 ^ hold138/X (sky130_fd_sc_hd__clkbuf_2)
     1    0.01                           net441 (net)
                  0.04    0.00   16.38 ^ input73/A (sky130_fd_sc_hd__buf_6)
                  0.11    0.15   16.54 ^ input73/X (sky130_fd_sc_hd__buf_6)
     1    0.05                           net73 (net)
                  0.11    0.01   16.54 ^ hold139/A (sky130_fd_sc_hd__clkbuf_4)
                  0.20    0.28   16.82 ^ hold139/X (sky130_fd_sc_hd__clkbuf_4)
     2    0.06                           net442 (net)
                  0.20    0.01   16.84 ^ hold77/A (sky130_fd_sc_hd__clkbuf_4)
                  0.17    0.29   17.13 ^ hold77/X (sky130_fd_sc_hd__clkbuf_4)
     1    0.05                           net380 (net)
                  0.17    0.01   17.14 ^ hold140/A (sky130_fd_sc_hd__buf_4)
                  0.16    0.24   17.38 ^ hold140/X (sky130_fd_sc_hd__buf_4)
     2    0.05                           net443 (net)
                  0.16    0.01   17.39 ^ _179_/A (sky130_fd_sc_hd__nand2_1)
                  0.10    0.13   17.52 v _179_/Y (sky130_fd_sc_hd__nand2_1)
     1    0.01                           _051_ (net)
                  0.10    0.00   17.52 v hold141/A (sky130_fd_sc_hd__clkbuf_2)
                  0.04    0.15   17.67 v hold141/X (sky130_fd_sc_hd__clkbuf_2)
     1    0.01                           net444 (net)
                  0.04    0.00   17.67 v hold95/A (sky130_fd_sc_hd__clkbuf_2)
                  0.04    0.12   17.78 v hold95/X (sky130_fd_sc_hd__clkbuf_2)
     1    0.01                           net398 (net)
                  0.04    0.00   17.78 v hold142/A (sky130_fd_sc_hd__clkbuf_2)
                  0.03    0.11   17.89 v hold142/X (sky130_fd_sc_hd__clkbuf_2)
     1    0.01                           net445 (net)
                  0.03    0.00   17.89 v hold78/A (sky130_fd_sc_hd__clkbuf_2)
                  0.03    0.10   17.99 v hold78/X (sky130_fd_sc_hd__clkbuf_2)
     1    0.00                           net381 (net)
                  0.03    0.00   17.99 v hold143/A (sky130_fd_sc_hd__clkbuf_2)
                  0.02    0.09   18.08 v hold143/X (sky130_fd_sc_hd__clkbuf_2)
     1    0.00                           net446 (net)
                  0.02    0.00   18.08 v hold96/A (sky130_fd_sc_hd__clkbuf_2)
                  0.02    0.09   18.18 v hold96/X (sky130_fd_sc_hd__clkbuf_2)
     1    0.00                           net399 (net)
                  0.02    0.00   18.18 v hold144/A (sky130_fd_sc_hd__clkbuf_2)
                  0.09    0.15   18.33 v hold144/X (sky130_fd_sc_hd__clkbuf_2)
     1    0.02                           net447 (net)
                  0.09    0.00   18.33 v fanout171/A (sky130_fd_sc_hd__clkbuf_2)
                  0.09    0.19   18.51 v fanout171/X (sky130_fd_sc_hd__clkbuf_2)
     1    0.02                           net171 (net)
                  0.09    0.00   18.52 v hold145/A (sky130_fd_sc_hd__clkbuf_2)
                  0.03    0.13   18.64 v hold145/X (sky130_fd_sc_hd__clkbuf_2)
     1    0.00                           net448 (net)
                  0.03    0.00   18.64 v hold97/A (sky130_fd_sc_hd__clkbuf_2)
                  0.03    0.10   18.75 v hold97/X (sky130_fd_sc_hd__clkbuf_2)
     1    0.01                           net400 (net)
                  0.03    0.00   18.75 v hold146/A (sky130_fd_sc_hd__clkbuf_2)
                  0.04    0.11   18.86 v hold146/X (sky130_fd_sc_hd__clkbuf_2)
     1    0.01                           net449 (net)
                  0.04    0.00   18.86 v hold79/A (sky130_fd_sc_hd__clkbuf_2)
                  0.03    0.11   18.97 v hold79/X (sky130_fd_sc_hd__clkbuf_2)
     1    0.01                           net382 (net)
                  0.03    0.00   18.97 v hold147/A (sky130_fd_sc_hd__clkbuf_2)
                  0.03    0.10   19.07 v hold147/X (sky130_fd_sc_hd__clkbuf_2)
     1    0.00                           net450 (net)
                  0.03    0.00   19.07 v hold98/A (sky130_fd_sc_hd__clkbuf_2)
                  0.09    0.16   19.23 v hold98/X (sky130_fd_sc_hd__clkbuf_2)
     2    0.02                           net401 (net)
                  0.09    0.00   19.23 v _180_/B (sky130_fd_sc_hd__nor2_1)
                  0.25    0.24   19.46 ^ _180_/Y (sky130_fd_sc_hd__nor2_1)
     1    0.01                           _052_ (net)
                  0.25    0.00   19.46 ^ hold99/A (sky130_fd_sc_hd__clkbuf_2)
                  0.14    0.24   19.71 ^ hold99/X (sky130_fd_sc_hd__clkbuf_2)
     1    0.02                           net402 (net)
                  0.14    0.00   19.71 ^ hold80/A (sky130_fd_sc_hd__clkbuf_2)
                  0.07    0.16   19.87 ^ hold80/X (sky130_fd_sc_hd__clkbuf_2)
     1    0.01                           net383 (net)
                  0.07    0.00   19.87 ^ hold100/A (sky130_fd_sc_hd__clkbuf_2)
                  0.14    0.19   20.07 ^ hold100/X (sky130_fd_sc_hd__clkbuf_2)
     3    0.03                           net403 (net)
                  0.14    0.00   20.07 ^ _245_/C (sky130_fd_sc_hd__and3_4)
                  0.15    0.30   20.37 ^ _245_/X (sky130_fd_sc_hd__and3_4)
     6    0.04                           _108_ (net)
                  0.15    0.00   20.37 ^ _252_/B1 (sky130_fd_sc_hd__a32o_1)
                  0.10    0.19   20.56 ^ _252_/X (sky130_fd_sc_hd__a32o_1)
     1    0.01                           _114_ (net)
                  0.10    0.00   20.56 ^ hold800/A (sky130_fd_sc_hd__clkbuf_2)
                  0.09    0.16   20.73 ^ hold800/X (sky130_fd_sc_hd__clkbuf_2)
     1    0.01                           net1103 (net)
                  0.09    0.00   20.73 ^ hold565/A (sky130_fd_sc_hd__clkbuf_2)
                  0.03    0.11   20.84 ^ hold565/X (sky130_fd_sc_hd__clkbuf_2)
     1    0.00                           net868 (net)
                  0.03    0.00   20.84 ^ hold801/A (sky130_fd_sc_hd__clkbuf_2)
                  0.04    0.10   20.95 ^ hold801/X (sky130_fd_sc_hd__clkbuf_2)
     1    0.01                           net1104 (net)
                  0.04    0.00   20.95 ^ hold352/A (sky130_fd_sc_hd__clkbuf_2)
                  0.04    0.10   21.05 ^ hold352/X (sky130_fd_sc_hd__clkbuf_2)
     1    0.00                           net655 (net)
                  0.04    0.00   21.05 ^ hold802/A (sky130_fd_sc_hd__clkbuf_2)
                  0.11    0.16   21.21 ^ hold802/X (sky130_fd_sc_hd__clkbuf_2)
     1    0.02                           net1105 (net)
                  0.11    0.00   21.21 ^ hold566/A (sky130_fd_sc_hd__clkbuf_2)
                  0.10    0.18   21.39 ^ hold566/X (sky130_fd_sc_hd__clkbuf_2)
     1    0.02                           net869 (net)
                  0.10    0.00   21.39 ^ hold53/A (sky130_fd_sc_hd__clkbuf_2)
                  0.10    0.18   21.57 ^ hold53/X (sky130_fd_sc_hd__clkbuf_2)
     1    0.02                           net356 (net)
                  0.10    0.00   21.57 ^ hold567/A (sky130_fd_sc_hd__clkbuf_2)
                  0.03    0.12   21.69 ^ hold567/X (sky130_fd_sc_hd__clkbuf_2)
     1    0.00                           net870 (net)
                  0.03    0.00   21.69 ^ hold353/A (sky130_fd_sc_hd__clkbuf_2)
                  0.03    0.09   21.78 ^ hold353/X (sky130_fd_sc_hd__clkbuf_2)
     1    0.00                           net656 (net)
                  0.03    0.00   21.78 ^ hold568/A (sky130_fd_sc_hd__clkbuf_2)
                  0.07    0.12   21.90 ^ hold568/X (sky130_fd_sc_hd__clkbuf_2)
     1    0.01                           net871 (net)
                  0.07    0.00   21.91 ^ _253_/B1 (sky130_fd_sc_hd__a31o_1)
                  0.13    0.17   22.07 ^ _253_/X (sky130_fd_sc_hd__a31o_1)
     1    0.01                           _115_ (net)
                  0.13    0.00   22.07 ^ hold803/A (sky130_fd_sc_hd__clkbuf_2)
                  0.11    0.19   22.26 ^ hold803/X (sky130_fd_sc_hd__clkbuf_2)
     1    0.02                           net1106 (net)
                  0.11    0.00   22.26 ^ hold569/A (sky130_fd_sc_hd__clkbuf_2)
                  0.08    0.16   22.43 ^ hold569/X (sky130_fd_sc_hd__clkbuf_2)
     1    0.01                           net872 (net)
                  0.08    0.00   22.43 ^ hold804/A (sky130_fd_sc_hd__clkbuf_2)
                  0.07    0.14   22.57 ^ hold804/X (sky130_fd_sc_hd__clkbuf_2)
     1    0.01                           net1107 (net)
                  0.07    0.00   22.57 ^ hold354/A (sky130_fd_sc_hd__clkbuf_2)
                  0.09    0.15   22.72 ^ hold354/X (sky130_fd_sc_hd__clkbuf_2)
     1    0.01                           net657 (net)
                  0.09    0.00   22.72 ^ hold805/A (sky130_fd_sc_hd__clkbuf_2)
                  0.05    0.13   22.85 ^ hold805/X (sky130_fd_sc_hd__clkbuf_2)
     1    0.01                           net1108 (net)
                  0.05    0.00   22.85 ^ hold570/A (sky130_fd_sc_hd__clkbuf_2)
                  0.03    0.09   22.94 ^ hold570/X (sky130_fd_sc_hd__clkbuf_2)
     1    0.00                           net873 (net)
                  0.03    0.00   22.94 ^ hold806/A (sky130_fd_sc_hd__clkbuf_2)
                  0.10    0.15   23.09 ^ hold806/X (sky130_fd_sc_hd__clkbuf_2)
     1    0.02                           net1109 (net)
                  0.10    0.00   23.09 ^ hold54/A (sky130_fd_sc_hd__clkbuf_2)
                  0.11    0.18   23.28 ^ hold54/X (sky130_fd_sc_hd__clkbuf_2)
     1    0.02                           net357 (net)
                  0.11    0.00   23.28 ^ hold571/A (sky130_fd_sc_hd__clkbuf_2)
                  0.04    0.13   23.40 ^ hold571/X (sky130_fd_sc_hd__clkbuf_2)
     1    0.00                           net874 (net)
                  0.04    0.00   23.40 ^ hold355/A (sky130_fd_sc_hd__clkbuf_2)
                  0.03    0.09   23.50 ^ hold355/X (sky130_fd_sc_hd__clkbuf_2)
     1    0.00                           net658 (net)
                  0.03    0.00   23.50 ^ hold572/A (sky130_fd_sc_hd__clkbuf_2)
                  0.07    0.12   23.62 ^ hold572/X (sky130_fd_sc_hd__clkbuf_2)
     1    0.01                           net875 (net)
                  0.07    0.00   23.62 ^ _254_/B (sky130_fd_sc_hd__and2_1)
                  0.16    0.22   23.84 ^ _254_/X (sky130_fd_sc_hd__and2_1)
     1    0.02                           _010_ (net)
                  0.16    0.00   23.84 ^ hold573/A (sky130_fd_sc_hd__clkbuf_2)
                  0.05    0.15   23.99 ^ hold573/X (sky130_fd_sc_hd__clkbuf_2)
     1    0.01                           net876 (net)
                  0.05    0.00   23.99 ^ hold356/A (sky130_fd_sc_hd__clkbuf_2)
                  0.04    0.10   24.10 ^ hold356/X (sky130_fd_sc_hd__clkbuf_2)
     1    0.00                           net659 (net)
                  0.04    0.00   24.10 ^ hold574/A (sky130_fd_sc_hd__clkbuf_2)
                  0.05    0.11   24.21 ^ hold574/X (sky130_fd_sc_hd__clkbuf_2)
     1    0.01                           net877 (net)
                  0.05    0.00   24.21 ^ hold55/A (sky130_fd_sc_hd__clkbuf_2)
                  0.04    0.11   24.32 ^ hold55/X (sky130_fd_sc_hd__clkbuf_2)
     1    0.01                           net358 (net)
                  0.04    0.00   24.32 ^ hold575/A (sky130_fd_sc_hd__clkbuf_2)
                  0.05    0.11   24.43 ^ hold575/X (sky130_fd_sc_hd__clkbuf_2)
     1    0.01                           net878 (net)
                  0.05    0.00   24.43 ^ hold357/A (sky130_fd_sc_hd__clkbuf_2)
                  0.05    0.12   24.54 ^ hold357/X (sky130_fd_sc_hd__clkbuf_2)
     1    0.01                           net660 (net)
                  0.05    0.00   24.54 ^ hold576/A (sky130_fd_sc_hd__clkbuf_2)
                  0.05    0.12   24.66 ^ hold576/X (sky130_fd_sc_hd__clkbuf_2)
     1    0.01                           net879 (net)
                  0.05    0.00   24.66 ^ _296_/D (sky130_fd_sc_hd__dfxtp_4)
                                 24.66   data arrival time

                         25.00   25.00   clock clk (rise edge)
                          4.50   29.50   clock source latency
                  0.60    0.00   29.50 ^ wb_clk_i (in)
     1    0.06                           wb_clk_i (net)
                  0.63    0.01   29.51 ^ _177_/A1 (sky130_fd_sc_hd__mux2_2)
                  0.25    0.42   29.93 ^ _177_/X (sky130_fd_sc_hd__mux2_2)
     1    0.05                           counter.clk (net)
                  0.25    0.01   29.94 ^ clkbuf_0_counter.clk/A (sky130_fd_sc_hd__clkbuf_16)
                  0.08    0.21   30.16 ^ clkbuf_0_counter.clk/X (sky130_fd_sc_hd__clkbuf_16)
     4    0.06                           clknet_0_counter.clk (net)
                  0.08    0.00   30.16 ^ clkbuf_2_2__f_counter.clk/A (sky130_fd_sc_hd__clkbuf_16)
                  0.09    0.17   30.33 ^ clkbuf_2_2__f_counter.clk/X (sky130_fd_sc_hd__clkbuf_16)
     9    0.07                           clknet_2_2__leaf_counter.clk (net)
                  0.09    0.00   30.33 ^ _296_/CLK (sky130_fd_sc_hd__dfxtp_4)
                         -0.25   30.08   clock uncertainty
                          0.00   30.08   clock reconvergence pessimism
                         -0.06   30.03   library setup time
                                 30.03   data required time
-----------------------------------------------------------------------------
                                 30.03   data required time
                                -24.66   data arrival time
-----------------------------------------------------------------------------
                                  5.37   slack (MET)



===========================================================================
report_checks --slack_max -0.01
============================================================================
No paths found.
