
===========================================================================
 report_power
============================================================================
======================= Fastest Corner ===================================

Group                  Internal  Switching    Leakage      Total
                          Power      Power      Power      Power (Watts)
----------------------------------------------------------------
Sequential             5.48e-04   4.64e-04   9.25e-09   1.01e-03  18.5%
Combinational          1.83e-03   2.61e-03   6.01e-06   4.45e-03  81.5%
Macro                  0.00e+00   0.00e+00   0.00e+00   0.00e+00   0.0%
Pad                    0.00e+00   0.00e+00   0.00e+00   0.00e+00   0.0%
----------------------------------------------------------------
Total                  2.38e-03   3.08e-03   6.02e-06   5.46e-03 100.0%
                          43.5%      56.4%       0.1%

======================= Slowest Corner ===================================

Group                  Internal  Switching    Leakage      Total
                          Power      Power      Power      Power (Watts)
----------------------------------------------------------------
Sequential             3.65e-04   3.14e-04   2.10e-08   6.79e-04  19.1%
Combinational          1.05e-03   1.76e-03   6.68e-05   2.88e-03  80.9%
Macro                  0.00e+00   0.00e+00   0.00e+00   0.00e+00   0.0%
Pad                    0.00e+00   0.00e+00   0.00e+00   0.00e+00   0.0%
----------------------------------------------------------------
Total                  1.42e-03   2.08e-03   6.68e-05   3.56e-03 100.0%
                          39.8%      58.3%       1.9%

======================= Typical Corner ===================================

Group                  Internal  Switching    Leakage      Total
                          Power      Power      Power      Power (Watts)
----------------------------------------------------------------
Sequential             4.45e-04   3.85e-04   7.87e-09   8.30e-04  19.0%
Combinational          1.37e-03   2.17e-03   4.97e-06   3.54e-03  81.0%
Macro                  0.00e+00   0.00e+00   0.00e+00   0.00e+00   0.0%
Pad                    0.00e+00   0.00e+00   0.00e+00   0.00e+00   0.0%
----------------------------------------------------------------
Total                  1.82e-03   2.55e-03   4.98e-06   4.37e-03 100.0%
                          41.6%      58.3%       0.1%

