Instance name, X location, Y location, Voltage
mprj, 2847.84, 1730.68, 5
mprj, 2847.84, 1640.68, 5
mprj, 2847.84, 1550.68, 5
mprj, 2847.84, 1460.68, 5
mprj, 2847.84, 1370.68, 5
mprj, 2847.84, 1280.68, 5
mprj, 2847.84, 1190.68, 5
mprj, 2847.84, 1100.68, 5
mprj, 2847.84, 1010.68, 5
mprj, 2847.84, 920.68, 5
mprj, 2847.84, 830.68, 5
mprj, 2847.84, 740.68, 5
mprj, 2847.84, 650.68, 5
mprj, 2847.84, 560.68, 5
mprj, 2847.84, 470.68, 5
mprj, 2847.84, 380.68, 5
mprj, 2847.84, 290.68, 5
mprj, 2847.84, 200.68, 5
mprj, 2847.84, 110.68, 5
mprj, 2694.24, 1730.68, 5
mprj, 2694.24, 1640.68, 5
mprj, 2694.24, 1550.68, 5
mprj, 2694.24, 1460.68, 5
mprj, 2694.24, 1370.68, 5
mprj, 2694.24, 1280.68, 5
mprj, 2694.24, 1190.68, 5
mprj, 2694.24, 1100.68, 5
mprj, 2694.24, 1010.68, 5
mprj, 2694.24, 920.68, 5
mprj, 2694.24, 830.68, 5
mprj, 2694.24, 740.68, 5
mprj, 2694.24, 650.68, 5
mprj, 2694.24, 560.68, 5
mprj, 2694.24, 470.68, 5
mprj, 2694.24, 380.68, 5
mprj, 2694.24, 290.68, 5
mprj, 2694.24, 200.68, 5
mprj, 2694.24, 110.68, 5
mprj, 2540.64, 1730.68, 5
mprj, 2540.64, 1640.68, 5
mprj, 2540.64, 1550.68, 5
mprj, 2540.64, 1460.68, 5
mprj, 2540.64, 1370.68, 5
mprj, 2540.64, 1280.68, 5
mprj, 2540.64, 1190.68, 5
mprj, 2540.64, 1100.68, 5
mprj, 2540.64, 1010.68, 5
mprj, 2540.64, 920.68, 5
mprj, 2540.64, 830.68, 5
mprj, 2540.64, 740.68, 5
mprj, 2540.64, 650.68, 5
mprj, 2540.64, 560.68, 5
mprj, 2540.64, 470.68, 5
mprj, 2540.64, 380.68, 5
mprj, 2540.64, 290.68, 5
mprj, 2540.64, 200.68, 5
mprj, 2540.64, 110.68, 5
mprj, 2387.04, 1730.68, 5
mprj, 2387.04, 1640.68, 5
mprj, 2387.04, 1550.68, 5
mprj, 2387.04, 1460.68, 5
mprj, 2387.04, 1370.68, 5
mprj, 2387.04, 1280.68, 5
mprj, 2387.04, 1190.68, 5
mprj, 2387.04, 1100.68, 5
mprj, 2387.04, 1010.68, 5
mprj, 2387.04, 920.68, 5
mprj, 2387.04, 830.68, 5
mprj, 2387.04, 740.68, 5
mprj, 2387.04, 650.68, 5
mprj, 2387.04, 560.68, 5
mprj, 2387.04, 470.68, 5
mprj, 2387.04, 380.68, 5
mprj, 2387.04, 290.68, 5
mprj, 2387.04, 200.68, 5
mprj, 2387.04, 110.68, 5
mprj, 2233.44, 1730.68, 5
mprj, 2233.44, 1640.68, 5
mprj, 2233.44, 1550.68, 5
mprj, 2233.44, 1460.68, 5
mprj, 2233.44, 1370.68, 5
mprj, 2233.44, 1280.68, 5
mprj, 2233.44, 1190.68, 5
mprj, 2233.44, 1100.68, 5
mprj, 2233.44, 1010.68, 5
mprj, 2233.44, 920.68, 5
mprj, 2233.44, 830.68, 5
mprj, 2233.44, 740.68, 5
mprj, 2233.44, 650.68, 5
mprj, 2233.44, 560.68, 5
mprj, 2233.44, 470.68, 5
mprj, 2233.44, 380.68, 5
mprj, 2233.44, 290.68, 5
mprj, 2233.44, 200.68, 5
mprj, 2233.44, 110.68, 5
mprj, 2079.84, 1730.68, 5
mprj, 2079.84, 1640.68, 5
mprj, 2079.84, 1550.68, 5
mprj, 2079.84, 1460.68, 5
mprj, 2079.84, 1370.68, 5
mprj, 2079.84, 1280.68, 5
mprj, 2079.84, 1190.68, 5
mprj, 2079.84, 1100.68, 5
mprj, 2079.84, 1010.68, 5
mprj, 2079.84, 920.68, 5
mprj, 2079.84, 830.68, 5
mprj, 2079.84, 740.68, 5
mprj, 2079.84, 650.68, 5
mprj, 2079.84, 560.68, 5
mprj, 2079.84, 470.68, 5
mprj, 2079.84, 380.68, 5
mprj, 2079.84, 290.68, 5
mprj, 2079.84, 200.68, 5
mprj, 2079.84, 110.68, 5
mprj, 1926.24, 1730.68, 5
mprj, 1926.24, 1640.68, 5
mprj, 1926.24, 1550.68, 5
mprj, 1926.24, 1460.68, 5
mprj, 1926.24, 1370.68, 5
mprj, 1926.24, 1280.68, 5
mprj, 1926.24, 1190.68, 5
mprj, 1926.24, 1100.68, 5
mprj, 1926.24, 1010.68, 5
mprj, 1926.24, 920.68, 5
mprj, 1926.24, 830.68, 5
mprj, 1926.24, 740.68, 5
mprj, 1926.24, 650.68, 5
mprj, 1926.24, 560.68, 5
mprj, 1926.24, 470.68, 5
mprj, 1926.24, 380.68, 5
mprj, 1926.24, 290.68, 5
mprj, 1926.24, 200.68, 5
mprj, 1926.24, 110.68, 5
mprj, 1772.64, 1730.68, 5
mprj, 1772.64, 1640.68, 5
mprj, 1772.64, 1550.68, 5
mprj, 1772.64, 1460.68, 5
mprj, 1772.64, 1370.68, 5
mprj, 1772.64, 1280.68, 5
mprj, 1772.64, 1190.68, 5
mprj, 1772.64, 1100.68, 5
mprj, 1772.64, 1010.68, 5
mprj, 1772.64, 920.68, 5
mprj, 1772.64, 830.68, 5
mprj, 1772.64, 740.68, 5
mprj, 1772.64, 650.68, 5
mprj, 1772.64, 560.68, 5
mprj, 1772.64, 470.68, 5
mprj, 1772.64, 380.68, 5
mprj, 1772.64, 290.68, 5
mprj, 1772.64, 200.68, 5
mprj, 1772.64, 110.68, 5
mprj, 1619.04, 1730.68, 5
mprj, 1619.04, 1640.68, 5
mprj, 1619.04, 1550.68, 5
mprj, 1619.04, 1460.68, 5
mprj, 1619.04, 1370.68, 5
mprj, 1619.04, 1280.68, 5
mprj, 1619.04, 1190.68, 5
mprj, 1619.04, 1100.68, 5
mprj, 1619.04, 1010.68, 5
mprj, 1619.04, 920.68, 5
mprj, 1619.04, 830.68, 5
mprj, 1619.04, 740.68, 5
mprj, 1619.04, 650.68, 5
mprj, 1619.04, 560.68, 5
mprj, 1619.04, 470.68, 5
mprj, 1619.04, 380.68, 5
mprj, 1619.04, 290.68, 5
mprj, 1619.04, 200.68, 5
mprj, 1619.04, 110.68, 5
mprj, 1465.44, 1730.68, 5
mprj, 1465.44, 1640.68, 5
mprj, 1465.44, 1550.68, 5
mprj, 1465.44, 1460.68, 5
mprj, 1465.44, 1370.68, 5
mprj, 1465.44, 1280.68, 5
mprj, 1465.44, 1190.68, 5
mprj, 1465.44, 1100.68, 5
mprj, 1465.44, 1010.68, 5
mprj, 1465.44, 920.68, 5
mprj, 1465.44, 830.68, 5
mprj, 1465.44, 740.68, 5
mprj, 1465.44, 650.68, 5
mprj, 1465.44, 560.68, 5
mprj, 1465.44, 470.68, 5
mprj, 1465.44, 380.68, 5
mprj, 1465.44, 290.68, 5
mprj, 1465.44, 200.68, 5
mprj, 1465.44, 110.68, 5
mprj, 1311.84, 1730.68, 5
mprj, 1311.84, 1640.68, 5
mprj, 1311.84, 1550.68, 5
mprj, 1311.84, 1460.68, 5
mprj, 1311.84, 1370.68, 5
mprj, 1311.84, 1280.68, 5
mprj, 1311.84, 1190.68, 5
mprj, 1311.84, 1100.68, 5
mprj, 1311.84, 1010.68, 5
mprj, 1311.84, 920.68, 5
mprj, 1311.84, 830.68, 5
mprj, 1311.84, 740.68, 5
mprj, 1311.84, 650.68, 5
mprj, 1311.84, 560.68, 5
mprj, 1311.84, 470.68, 5
mprj, 1311.84, 380.68, 5
mprj, 1311.84, 290.68, 5
mprj, 1311.84, 200.68, 5
mprj, 1311.84, 110.68, 5
mprj, 1158.24, 1730.68, 5
mprj, 1158.24, 1640.68, 5
mprj, 1158.24, 1550.68, 5
mprj, 1158.24, 1460.68, 5
mprj, 1158.24, 1370.68, 5
mprj, 1158.24, 1280.68, 5
mprj, 1158.24, 1190.68, 5
mprj, 1158.24, 1100.68, 5
mprj, 1158.24, 1010.68, 5
mprj, 1158.24, 920.68, 5
mprj, 1158.24, 830.68, 5
mprj, 1158.24, 740.68, 5
mprj, 1158.24, 650.68, 5
mprj, 1158.24, 560.68, 5
mprj, 1158.24, 470.68, 5
mprj, 1158.24, 380.68, 5
mprj, 1158.24, 290.68, 5
mprj, 1158.24, 200.68, 5
mprj, 1158.24, 110.68, 5
mprj, 1004.64, 1730.68, 5
mprj, 1004.64, 1640.68, 5
mprj, 1004.64, 1550.68, 5
mprj, 1004.64, 1460.68, 5
mprj, 1004.64, 1370.68, 5
mprj, 1004.64, 1280.68, 5
mprj, 1004.64, 1190.68, 5
mprj, 1004.64, 1100.68, 5
mprj, 1004.64, 1010.68, 5
mprj, 1004.64, 920.68, 5
mprj, 1004.64, 830.68, 5
mprj, 1004.64, 740.68, 5
mprj, 1004.64, 650.68, 5
mprj, 1004.64, 560.68, 5
mprj, 1004.64, 470.68, 5
mprj, 1004.64, 380.68, 5
mprj, 1004.64, 290.68, 5
mprj, 1004.64, 200.68, 5
mprj, 1004.64, 110.68, 5
mprj, 851.04, 1730.68, 5
mprj, 851.04, 1640.68, 5
mprj, 851.04, 1550.68, 5
mprj, 851.04, 1460.68, 5
mprj, 851.04, 1370.68, 5
mprj, 851.04, 1280.68, 5
mprj, 851.04, 1190.68, 5
mprj, 851.04, 1100.68, 5
mprj, 851.04, 1010.68, 5
mprj, 851.04, 920.68, 5
mprj, 851.04, 830.68, 5
mprj, 851.04, 740.68, 5
mprj, 851.04, 650.68, 5
mprj, 851.04, 560.68, 5
mprj, 851.04, 470.68, 5
mprj, 851.04, 380.68, 5
mprj, 851.04, 290.68, 5
mprj, 851.04, 200.68, 5
mprj, 851.04, 110.68, 5
mprj, 697.44, 1730.68, 5
mprj, 697.44, 1640.68, 5
mprj, 697.44, 1550.68, 5
mprj, 697.44, 1460.68, 5
mprj, 697.44, 1370.68, 5
mprj, 697.44, 1280.68, 5
mprj, 697.44, 1190.68, 5
mprj, 697.44, 1100.68, 5
mprj, 697.44, 1010.68, 5
mprj, 697.44, 920.68, 5
mprj, 697.44, 830.68, 5
mprj, 697.44, 740.68, 5
mprj, 697.44, 650.68, 5
mprj, 697.44, 560.68, 5
mprj, 697.44, 470.68, 5
mprj, 697.44, 380.68, 5
mprj, 697.44, 290.68, 5
mprj, 697.44, 200.68, 5
mprj, 697.44, 110.68, 5
mprj, 543.84, 1730.68, 5
mprj, 543.84, 1640.68, 5
mprj, 543.84, 1550.68, 5
mprj, 543.84, 1460.68, 5
mprj, 543.84, 1370.68, 5
mprj, 543.84, 1280.68, 5
mprj, 543.84, 1190.68, 5
mprj, 543.84, 1100.68, 5
mprj, 543.84, 1010.68, 5
mprj, 543.84, 920.68, 5
mprj, 543.84, 830.68, 5
mprj, 543.84, 740.68, 5
mprj, 543.84, 650.68, 5
mprj, 543.84, 560.68, 5
mprj, 543.84, 470.68, 5
mprj, 543.84, 380.68, 5
mprj, 543.84, 290.68, 5
mprj, 543.84, 200.68, 5
mprj, 543.84, 110.68, 5
mprj, 390.24, 1730.68, 5
mprj, 390.24, 1640.68, 5
mprj, 390.24, 1550.68, 5
mprj, 390.24, 1460.68, 5
mprj, 390.24, 1370.68, 5
mprj, 390.24, 1280.68, 5
mprj, 390.24, 1190.68, 5
mprj, 390.24, 1100.68, 5
mprj, 390.24, 1010.68, 5
mprj, 390.24, 920.68, 5
mprj, 390.24, 830.68, 5
mprj, 390.24, 740.68, 5
mprj, 390.24, 650.68, 5
mprj, 390.24, 560.68, 5
mprj, 390.24, 470.68, 5
mprj, 390.24, 380.68, 5
mprj, 390.24, 290.68, 5
mprj, 390.24, 200.68, 5
mprj, 390.24, 110.68, 5
mprj, 236.64, 1730.68, 5
mprj, 236.64, 1640.68, 5
mprj, 236.64, 1550.68, 5
mprj, 236.64, 1460.68, 5
mprj, 236.64, 1370.68, 5
mprj, 236.64, 1280.68, 5
mprj, 236.64, 1190.68, 5
mprj, 236.64, 1100.68, 5
mprj, 236.64, 1010.68, 5
mprj, 236.64, 920.68, 5
mprj, 236.64, 830.68, 5
mprj, 236.64, 740.68, 5
mprj, 236.64, 650.68, 5
mprj, 236.64, 560.68, 5
mprj, 236.64, 470.68, 5
mprj, 236.64, 380.68, 5
mprj, 236.64, 290.68, 5
mprj, 236.64, 200.68, 5
mprj, 236.64, 110.68, 5
mprj, 83.04, 1730.68, 5
mprj, 83.04, 1640.68, 5
mprj, 83.04, 1550.68, 5
mprj, 83.04, 1460.68, 5
mprj, 83.04, 1370.68, 5
mprj, 83.04, 1280.68, 5
mprj, 83.04, 1190.68, 5
mprj, 83.04, 1100.68, 5
mprj, 83.04, 1010.68, 5
mprj, 83.04, 920.68, 5
mprj, 83.04, 830.68, 5
mprj, 83.04, 740.68, 5
mprj, 83.04, 650.68, 5
mprj, 83.04, 560.68, 5
mprj, 83.04, 470.68, 5
mprj, 83.04, 380.68, 5
mprj, 83.04, 290.68, 5
mprj, 83.04, 200.68, 5
mprj, 83.04, 110.68, 5

