Instance name, X location, Y location, Voltage
mprj, 2771.04, 1670.68, 2.18429e-06
mprj, 2771.04, 1580.68, 2.18429e-06
mprj, 2771.04, 1490.68, 2.18429e-06
mprj, 2771.04, 1400.68, 2.18429e-06
mprj, 2771.04, 1310.68, 2.18429e-06
mprj, 2771.04, 1220.68, 2.18429e-06
mprj, 2771.04, 1130.68, 2.18429e-06
mprj, 2771.04, 1040.68, 2.18429e-06
mprj, 2771.04, 950.68, 2.18429e-06
mprj, 2771.04, 860.68, 2.18429e-06
mprj, 2771.04, 770.68, 2.18429e-06
mprj, 2771.04, 680.68, 2.18429e-06
mprj, 2771.04, 590.68, 2.18429e-06
mprj, 2771.04, 500.68, 2.18429e-06
mprj, 2771.04, 410.68, 2.18429e-06
mprj, 2771.04, 320.68, 2.18429e-06
mprj, 2771.04, 230.68, 2.18429e-06
mprj, 2771.04, 140.68, 2.18429e-06
mprj, 2771.04, 50.68, 2.18429e-06
mprj, 2617.44, 1670.68, 2.18429e-06
mprj, 2617.44, 1580.68, 2.18429e-06
mprj, 2617.44, 1490.68, 2.18429e-06
mprj, 2617.44, 1400.68, 2.18429e-06
mprj, 2617.44, 1310.68, 2.18429e-06
mprj, 2617.44, 1220.68, 2.18429e-06
mprj, 2617.44, 1130.68, 2.18429e-06
mprj, 2617.44, 1040.68, 2.18429e-06
mprj, 2617.44, 950.68, 2.18429e-06
mprj, 2617.44, 860.68, 2.18429e-06
mprj, 2617.44, 770.68, 2.18429e-06
mprj, 2617.44, 680.68, 2.18429e-06
mprj, 2617.44, 590.68, 2.18429e-06
mprj, 2617.44, 500.68, 2.18429e-06
mprj, 2617.44, 410.68, 2.18429e-06
mprj, 2617.44, 320.68, 2.18429e-06
mprj, 2617.44, 230.68, 2.18429e-06
mprj, 2617.44, 140.68, 2.18429e-06
mprj, 2617.44, 50.68, 2.18429e-06
mprj, 2463.84, 1670.68, 2.18429e-06
mprj, 2463.84, 1580.68, 2.18429e-06
mprj, 2463.84, 1490.68, 2.18429e-06
mprj, 2463.84, 1400.68, 2.18429e-06
mprj, 2463.84, 1310.68, 2.18429e-06
mprj, 2463.84, 1220.68, 2.18429e-06
mprj, 2463.84, 1130.68, 2.18429e-06
mprj, 2463.84, 1040.68, 2.18429e-06
mprj, 2463.84, 950.68, 2.18429e-06
mprj, 2463.84, 860.68, 2.18429e-06
mprj, 2463.84, 770.68, 2.18429e-06
mprj, 2463.84, 680.68, 2.18429e-06
mprj, 2463.84, 590.68, 2.18429e-06
mprj, 2463.84, 500.68, 2.18429e-06
mprj, 2463.84, 410.68, 2.18429e-06
mprj, 2463.84, 320.68, 2.18429e-06
mprj, 2463.84, 230.68, 2.18429e-06
mprj, 2463.84, 140.68, 2.18429e-06
mprj, 2463.84, 50.68, 2.18429e-06
mprj, 2310.24, 1670.68, 2.18429e-06
mprj, 2310.24, 1580.68, 2.18429e-06
mprj, 2310.24, 1490.68, 2.18429e-06
mprj, 2310.24, 1400.68, 2.18429e-06
mprj, 2310.24, 1310.68, 2.18429e-06
mprj, 2310.24, 1220.68, 2.18429e-06
mprj, 2310.24, 1130.68, 2.18429e-06
mprj, 2310.24, 1040.68, 2.18429e-06
mprj, 2310.24, 950.68, 2.18429e-06
mprj, 2310.24, 860.68, 2.18429e-06
mprj, 2310.24, 770.68, 2.18429e-06
mprj, 2310.24, 680.68, 2.18429e-06
mprj, 2310.24, 590.68, 2.18429e-06
mprj, 2310.24, 500.68, 2.18429e-06
mprj, 2310.24, 410.68, 2.18429e-06
mprj, 2310.24, 320.68, 2.18429e-06
mprj, 2310.24, 230.68, 2.18429e-06
mprj, 2310.24, 140.68, 2.18429e-06
mprj, 2310.24, 50.68, 2.18429e-06
mprj, 2156.64, 1670.68, 2.18429e-06
mprj, 2156.64, 1580.68, 2.18429e-06
mprj, 2156.64, 1490.68, 2.18429e-06
mprj, 2156.64, 1400.68, 2.18429e-06
mprj, 2156.64, 1310.68, 2.18429e-06
mprj, 2156.64, 1220.68, 2.18429e-06
mprj, 2156.64, 1130.68, 2.18429e-06
mprj, 2156.64, 1040.68, 2.18429e-06
mprj, 2156.64, 950.68, 2.18429e-06
mprj, 2156.64, 860.68, 2.18429e-06
mprj, 2156.64, 770.68, 2.18429e-06
mprj, 2156.64, 680.68, 2.18429e-06
mprj, 2156.64, 590.68, 2.18429e-06
mprj, 2156.64, 500.68, 2.18429e-06
mprj, 2156.64, 410.68, 2.18429e-06
mprj, 2156.64, 320.68, 2.18429e-06
mprj, 2156.64, 230.68, 2.18429e-06
mprj, 2156.64, 140.68, 2.18429e-06
mprj, 2156.64, 50.68, 2.18429e-06
mprj, 2003.04, 1670.68, 2.18429e-06
mprj, 2003.04, 1580.68, 2.18429e-06
mprj, 2003.04, 1490.68, 2.18429e-06
mprj, 2003.04, 1400.68, 2.18429e-06
mprj, 2003.04, 1310.68, 2.18429e-06
mprj, 2003.04, 1220.68, 2.18429e-06
mprj, 2003.04, 1130.68, 2.18429e-06
mprj, 2003.04, 1040.68, 2.18429e-06
mprj, 2003.04, 950.68, 2.18429e-06
mprj, 2003.04, 860.68, 2.18429e-06
mprj, 2003.04, 770.68, 2.18429e-06
mprj, 2003.04, 680.68, 2.18429e-06
mprj, 2003.04, 590.68, 2.18429e-06
mprj, 2003.04, 500.68, 2.18429e-06
mprj, 2003.04, 410.68, 2.18429e-06
mprj, 2003.04, 320.68, 2.18429e-06
mprj, 2003.04, 230.68, 2.18429e-06
mprj, 2003.04, 140.68, 2.18429e-06
mprj, 2003.04, 50.68, 2.18429e-06
mprj, 1849.44, 1670.68, 2.18429e-06
mprj, 1849.44, 1580.68, 2.18429e-06
mprj, 1849.44, 1490.68, 2.18429e-06
mprj, 1849.44, 1400.68, 2.18429e-06
mprj, 1849.44, 1310.68, 2.18429e-06
mprj, 1849.44, 1220.68, 2.18429e-06
mprj, 1849.44, 1130.68, 2.18429e-06
mprj, 1849.44, 1040.68, 2.18429e-06
mprj, 1849.44, 950.68, 2.18429e-06
mprj, 1849.44, 860.68, 2.18429e-06
mprj, 1849.44, 770.68, 2.18429e-06
mprj, 1849.44, 680.68, 2.18429e-06
mprj, 1849.44, 590.68, 2.18429e-06
mprj, 1849.44, 500.68, 2.18429e-06
mprj, 1849.44, 410.68, 2.18429e-06
mprj, 1849.44, 320.68, 2.18429e-06
mprj, 1849.44, 230.68, 2.18429e-06
mprj, 1849.44, 140.68, 2.18429e-06
mprj, 1849.44, 50.68, 2.18429e-06
mprj, 1695.84, 1670.68, 2.18429e-06
mprj, 1695.84, 1580.68, 2.18429e-06
mprj, 1695.84, 1490.68, 2.18429e-06
mprj, 1695.84, 1400.68, 2.18429e-06
mprj, 1695.84, 1310.68, 2.18429e-06
mprj, 1695.84, 1220.68, 2.18429e-06
mprj, 1695.84, 1130.68, 2.18429e-06
mprj, 1695.84, 1040.68, 2.18429e-06
mprj, 1695.84, 950.68, 2.18429e-06
mprj, 1695.84, 860.68, 2.18429e-06
mprj, 1695.84, 770.68, 2.18429e-06
mprj, 1695.84, 680.68, 2.18429e-06
mprj, 1695.84, 590.68, 2.18429e-06
mprj, 1695.84, 500.68, 2.18429e-06
mprj, 1695.84, 410.68, 2.18429e-06
mprj, 1695.84, 320.68, 2.18429e-06
mprj, 1695.84, 230.68, 2.18429e-06
mprj, 1695.84, 140.68, 2.18429e-06
mprj, 1695.84, 50.68, 2.18429e-06
mprj, 1542.24, 1670.68, 2.18429e-06
mprj, 1542.24, 1580.68, 2.18429e-06
mprj, 1542.24, 1490.68, 2.18429e-06
mprj, 1542.24, 1400.68, 2.18429e-06
mprj, 1542.24, 1310.68, 2.18429e-06
mprj, 1542.24, 1220.68, 2.18429e-06
mprj, 1542.24, 1130.68, 2.18429e-06
mprj, 1542.24, 1040.68, 2.18429e-06
mprj, 1542.24, 950.68, 2.18429e-06
mprj, 1542.24, 860.68, 2.18429e-06
mprj, 1542.24, 770.68, 2.18429e-06
mprj, 1542.24, 680.68, 2.18429e-06
mprj, 1542.24, 590.68, 2.18429e-06
mprj, 1542.24, 500.68, 2.18429e-06
mprj, 1542.24, 410.68, 2.18429e-06
mprj, 1542.24, 320.68, 2.18429e-06
mprj, 1542.24, 230.68, 2.18429e-06
mprj, 1542.24, 140.68, 2.18429e-06
mprj, 1542.24, 50.68, 2.18429e-06
mprj, 1388.64, 1670.68, 2.18429e-06
mprj, 1388.64, 1580.68, 2.18429e-06
mprj, 1388.64, 1490.68, 2.18429e-06
mprj, 1388.64, 1400.68, 2.18429e-06
mprj, 1388.64, 1310.68, 2.18429e-06
mprj, 1388.64, 1220.68, 2.18429e-06
mprj, 1388.64, 1130.68, 2.18429e-06
mprj, 1388.64, 1040.68, 2.18429e-06
mprj, 1388.64, 950.68, 2.18429e-06
mprj, 1388.64, 860.68, 2.18429e-06
mprj, 1388.64, 770.68, 2.18429e-06
mprj, 1388.64, 680.68, 2.18429e-06
mprj, 1388.64, 590.68, 2.18429e-06
mprj, 1388.64, 500.68, 2.18429e-06
mprj, 1388.64, 410.68, 2.18429e-06
mprj, 1388.64, 320.68, 2.18429e-06
mprj, 1388.64, 230.68, 2.18429e-06
mprj, 1388.64, 140.68, 2.18429e-06
mprj, 1388.64, 50.68, 2.18429e-06
mprj, 1235.04, 1670.68, 2.18429e-06
mprj, 1235.04, 1580.68, 2.18429e-06
mprj, 1235.04, 1490.68, 2.18429e-06
mprj, 1235.04, 1400.68, 2.18429e-06
mprj, 1235.04, 1310.68, 2.18429e-06
mprj, 1235.04, 1220.68, 2.18429e-06
mprj, 1235.04, 1130.68, 2.18429e-06
mprj, 1235.04, 1040.68, 2.18429e-06
mprj, 1235.04, 950.68, 2.18429e-06
mprj, 1235.04, 860.68, 2.18429e-06
mprj, 1235.04, 770.68, 2.18429e-06
mprj, 1235.04, 680.68, 2.18429e-06
mprj, 1235.04, 590.68, 2.18429e-06
mprj, 1235.04, 500.68, 2.18429e-06
mprj, 1235.04, 410.68, 2.18429e-06
mprj, 1235.04, 320.68, 2.18429e-06
mprj, 1235.04, 230.68, 2.18429e-06
mprj, 1235.04, 140.68, 2.18429e-06
mprj, 1235.04, 50.68, 2.18429e-06
mprj, 1081.44, 1670.68, 2.18429e-06
mprj, 1081.44, 1580.68, 2.18429e-06
mprj, 1081.44, 1490.68, 2.18429e-06
mprj, 1081.44, 1400.68, 2.18429e-06
mprj, 1081.44, 1310.68, 2.18429e-06
mprj, 1081.44, 1220.68, 2.18429e-06
mprj, 1081.44, 1130.68, 2.18429e-06
mprj, 1081.44, 1040.68, 2.18429e-06
mprj, 1081.44, 950.68, 2.18429e-06
mprj, 1081.44, 860.68, 2.18429e-06
mprj, 1081.44, 770.68, 2.18429e-06
mprj, 1081.44, 680.68, 2.18429e-06
mprj, 1081.44, 590.68, 2.18429e-06
mprj, 1081.44, 500.68, 2.18429e-06
mprj, 1081.44, 410.68, 2.18429e-06
mprj, 1081.44, 320.68, 2.18429e-06
mprj, 1081.44, 230.68, 2.18429e-06
mprj, 1081.44, 140.68, 2.18429e-06
mprj, 1081.44, 50.68, 2.18429e-06
mprj, 927.84, 1670.68, 2.18429e-06
mprj, 927.84, 1580.68, 2.18429e-06
mprj, 927.84, 1490.68, 2.18429e-06
mprj, 927.84, 1400.68, 2.18429e-06
mprj, 927.84, 1310.68, 2.18429e-06
mprj, 927.84, 1220.68, 2.18429e-06
mprj, 927.84, 1130.68, 2.18429e-06
mprj, 927.84, 1040.68, 2.18429e-06
mprj, 927.84, 950.68, 2.18429e-06
mprj, 927.84, 860.68, 2.18429e-06
mprj, 927.84, 770.68, 2.18429e-06
mprj, 927.84, 680.68, 2.18429e-06
mprj, 927.84, 590.68, 2.18429e-06
mprj, 927.84, 500.68, 2.18429e-06
mprj, 927.84, 410.68, 2.18429e-06
mprj, 927.84, 320.68, 2.18429e-06
mprj, 927.84, 230.68, 2.18429e-06
mprj, 927.84, 140.68, 2.18429e-06
mprj, 927.84, 50.68, 2.18429e-06
mprj, 774.24, 1670.68, 2.18429e-06
mprj, 774.24, 1580.68, 2.18429e-06
mprj, 774.24, 1490.68, 2.18429e-06
mprj, 774.24, 1400.68, 2.18429e-06
mprj, 774.24, 1310.68, 2.18429e-06
mprj, 774.24, 1220.68, 2.18429e-06
mprj, 774.24, 1130.68, 2.18429e-06
mprj, 774.24, 1040.68, 2.18429e-06
mprj, 774.24, 950.68, 2.18429e-06
mprj, 774.24, 860.68, 2.18429e-06
mprj, 774.24, 770.68, 2.18429e-06
mprj, 774.24, 680.68, 2.18429e-06
mprj, 774.24, 590.68, 2.18429e-06
mprj, 774.24, 500.68, 2.18429e-06
mprj, 774.24, 410.68, 2.18429e-06
mprj, 774.24, 320.68, 2.18429e-06
mprj, 774.24, 230.68, 2.18429e-06
mprj, 774.24, 140.68, 2.18429e-06
mprj, 774.24, 50.68, 2.18429e-06
mprj, 620.64, 1670.68, 2.18429e-06
mprj, 620.64, 1580.68, 2.18429e-06
mprj, 620.64, 1490.68, 2.18429e-06
mprj, 620.64, 1400.68, 2.18429e-06
mprj, 620.64, 1310.68, 2.18429e-06
mprj, 620.64, 1220.68, 2.18429e-06
mprj, 620.64, 1130.68, 2.18429e-06
mprj, 620.64, 1040.68, 2.18429e-06
mprj, 620.64, 950.68, 2.18429e-06
mprj, 620.64, 860.68, 2.18429e-06
mprj, 620.64, 770.68, 2.18429e-06
mprj, 620.64, 680.68, 2.18429e-06
mprj, 620.64, 590.68, 2.18429e-06
mprj, 620.64, 500.68, 2.18429e-06
mprj, 620.64, 410.68, 2.18429e-06
mprj, 620.64, 320.68, 2.18429e-06
mprj, 620.64, 230.68, 2.18429e-06
mprj, 620.64, 140.68, 2.18429e-06
mprj, 620.64, 50.68, 2.18429e-06
mprj, 467.04, 1670.68, 2.18429e-06
mprj, 467.04, 1580.68, 2.18429e-06
mprj, 467.04, 1490.68, 2.18429e-06
mprj, 467.04, 1400.68, 2.18429e-06
mprj, 467.04, 1310.68, 2.18429e-06
mprj, 467.04, 1220.68, 2.18429e-06
mprj, 467.04, 1130.68, 2.18429e-06
mprj, 467.04, 1040.68, 2.18429e-06
mprj, 467.04, 950.68, 2.18429e-06
mprj, 467.04, 860.68, 2.18429e-06
mprj, 467.04, 770.68, 2.18429e-06
mprj, 467.04, 680.68, 2.18429e-06
mprj, 467.04, 590.68, 2.18429e-06
mprj, 467.04, 500.68, 2.18429e-06
mprj, 467.04, 410.68, 2.18429e-06
mprj, 467.04, 320.68, 2.18429e-06
mprj, 467.04, 230.68, 2.18429e-06
mprj, 467.04, 140.68, 2.18429e-06
mprj, 467.04, 50.68, 2.18429e-06
mprj, 313.44, 1670.68, 2.18429e-06
mprj, 313.44, 1580.68, 2.18429e-06
mprj, 313.44, 1490.68, 2.18429e-06
mprj, 313.44, 1400.68, 2.18429e-06
mprj, 313.44, 1310.68, 2.18429e-06
mprj, 313.44, 1220.68, 2.18429e-06
mprj, 313.44, 1130.68, 2.18429e-06
mprj, 313.44, 1040.68, 2.18429e-06
mprj, 313.44, 950.68, 2.18429e-06
mprj, 313.44, 860.68, 2.18429e-06
mprj, 313.44, 770.68, 2.18429e-06
mprj, 313.44, 680.68, 2.18429e-06
mprj, 313.44, 590.68, 2.18429e-06
mprj, 313.44, 500.68, 2.18429e-06
mprj, 313.44, 410.68, 2.18429e-06
mprj, 313.44, 320.68, 2.18429e-06
mprj, 313.44, 230.68, 2.18429e-06
mprj, 313.44, 140.68, 2.18429e-06
mprj, 313.44, 50.68, 2.18429e-06
mprj, 159.84, 1670.68, 2.18429e-06
mprj, 159.84, 1580.68, 2.18429e-06
mprj, 159.84, 1490.68, 2.18429e-06
mprj, 159.84, 1400.68, 2.18429e-06
mprj, 159.84, 1310.68, 2.18429e-06
mprj, 159.84, 1220.68, 2.18429e-06
mprj, 159.84, 1130.68, 2.18429e-06
mprj, 159.84, 1040.68, 2.18429e-06
mprj, 159.84, 950.68, 2.18429e-06
mprj, 159.84, 860.68, 2.18429e-06
mprj, 159.84, 770.68, 2.18429e-06
mprj, 159.84, 680.68, 2.18429e-06
mprj, 159.84, 590.68, 2.18429e-06
mprj, 159.84, 500.68, 2.18429e-06
mprj, 159.84, 410.68, 2.18429e-06
mprj, 159.84, 320.68, 2.18429e-06
mprj, 159.84, 230.68, 2.18429e-06
mprj, 159.84, 140.68, 2.18429e-06
mprj, 159.84, 50.68, 2.18429e-06

