Instance name,  X location,  Y location,  Voltage 
mprj, 2840.72, 1766.08, 0
mprj, 2840.72, 1586.08, 0
mprj, 2840.72, 1406.08, 0
mprj, 2840.72, 1226.08, 0
mprj, 2840.72, 1046.08, 0
mprj, 2840.72, 866.08, 0
mprj, 2840.72, 686.08, 0
mprj, 2840.72, 506.08, 0
mprj, 2840.72, 326.08, 0
mprj, 2840.72, 146.08, 0
mprj, 2660.72, 1766.08, 0
mprj, 2660.72, 1586.08, 0
mprj, 2660.72, 1406.08, 0
mprj, 2660.72, 1226.08, 0
mprj, 2660.72, 1046.08, 0
mprj, 2660.72, 866.08, 0
mprj, 2660.72, 686.08, 0
mprj, 2660.72, 506.08, 0
mprj, 2660.72, 326.08, 0
mprj, 2660.72, 146.08, 0
mprj, 2480.72, 1766.08, 0
mprj, 2480.72, 1586.08, 0
mprj, 2480.72, 1406.08, 0
mprj, 2480.72, 1226.08, 0
mprj, 2480.72, 1046.08, 0
mprj, 2480.72, 866.08, 0
mprj, 2480.72, 686.08, 0
mprj, 2480.72, 506.08, 0
mprj, 2480.72, 326.08, 0
mprj, 2480.72, 146.08, 0
mprj, 2300.72, 1766.08, -0
mprj, 2300.72, 1586.08, 0
mprj, 2300.72, 1406.08, 0
mprj, 2300.72, 1226.08, 0
mprj, 2300.72, 1046.08, 0
mprj, 2300.72, 866.08, 0
mprj, 2300.72, 686.08, 0
mprj, 2300.72, 506.08, -0
mprj, 2300.72, 326.08, 0
mprj, 2300.72, 146.08, 0
mprj, 2120.72, 1766.08, -0
mprj, 2120.72, 1586.08, -0
mprj, 2120.72, 1406.08, 0
mprj, 2120.72, 1226.08, 0
mprj, 2120.72, 1046.08, 0
mprj, 2120.72, 866.08, 0
mprj, 2120.72, 686.08, 0
mprj, 2120.72, 506.08, 0
mprj, 2120.72, 326.08, 0
mprj, 2120.72, 146.08, 0
mprj, 1940.72, 1766.08, 0
mprj, 1940.72, 1586.08, 0
mprj, 1940.72, 1406.08, 0
mprj, 1940.72, 1226.08, 0
mprj, 1940.72, 1046.08, 0
mprj, 1940.72, 866.08, 0
mprj, 1940.72, 686.08, 0
mprj, 1940.72, 506.08, 0
mprj, 1940.72, 326.08, 0
mprj, 1940.72, 146.08, 0
mprj, 1760.72, 1766.08, -0
mprj, 1760.72, 1586.08, 0
mprj, 1760.72, 1406.08, 0
mprj, 1760.72, 1226.08, -0
mprj, 1760.72, 1046.08, 0
mprj, 1760.72, 866.08, 0
mprj, 1760.72, 686.08, 0
mprj, 1760.72, 506.08, 0
mprj, 1760.72, 326.08, 0
mprj, 1760.72, 146.08, 0
mprj, 1580.72, 1766.08, 0
mprj, 1580.72, 1586.08, 0
mprj, 1580.72, 1406.08, -0
mprj, 1580.72, 1226.08, -0
mprj, 1580.72, 1046.08, 0
mprj, 1580.72, 866.08, 0
mprj, 1580.72, 686.08, 0
mprj, 1580.72, 506.08, -0
mprj, 1580.72, 326.08, 0
mprj, 1580.72, 146.08, 0
mprj, 1400.72, 1766.08, 0
mprj, 1400.72, 1586.08, 0
mprj, 1400.72, 1406.08, 0
mprj, 1400.72, 1226.08, 0
mprj, 1400.72, 1046.08, 0
mprj, 1400.72, 866.08, 0
mprj, 1400.72, 686.08, 0
mprj, 1400.72, 506.08, 0
mprj, 1400.72, 326.08, 0
mprj, 1400.72, 146.08, 0
mprj, 1220.72, 1766.08, 0
mprj, 1220.72, 1586.08, 0
mprj, 1220.72, 1406.08, 0
mprj, 1220.72, 1226.08, 0
mprj, 1220.72, 1046.08, 0
mprj, 1220.72, 866.08, 0
mprj, 1220.72, 686.08, -0
mprj, 1220.72, 506.08, 0
mprj, 1220.72, 326.08, 0
mprj, 1220.72, 146.08, 0
mprj, 1040.72, 1766.08, 0
mprj, 1040.72, 1586.08, 0
mprj, 1040.72, 1406.08, 0
mprj, 1040.72, 1226.08, 0
mprj, 1040.72, 1046.08, 0
mprj, 1040.72, 866.08, 0
mprj, 1040.72, 686.08, 0
mprj, 1040.72, 506.08, 0
mprj, 1040.72, 326.08, 0
mprj, 1040.72, 146.08, 0
mprj, 860.72, 1766.08, 0
mprj, 860.72, 1586.08, 0
mprj, 860.72, 1406.08, 0
mprj, 860.72, 1226.08, 0
mprj, 860.72, 1046.08, 0
mprj, 860.72, 866.08, 0
mprj, 860.72, 686.08, 0
mprj, 860.72, 506.08, 0
mprj, 860.72, 326.08, 0
mprj, 860.72, 146.08, 0
mprj, 680.72, 1766.08, -0
mprj, 680.72, 1586.08, 0
mprj, 680.72, 1406.08, 0
mprj, 680.72, 1226.08, 0
mprj, 680.72, 1046.08, 0
mprj, 680.72, 866.08, 0
mprj, 680.72, 686.08, 0
mprj, 680.72, 506.08, -0
mprj, 680.72, 326.08, 0
mprj, 680.72, 146.08, 0
mprj, 500.72, 1766.08, 0
mprj, 500.72, 1586.08, 0
mprj, 500.72, 1406.08, 0
mprj, 500.72, 1226.08, 0
mprj, 500.72, 1046.08, 0
mprj, 500.72, 866.08, 0
mprj, 500.72, 686.08, 0
mprj, 500.72, 506.08, 0
mprj, 500.72, 326.08, 0
mprj, 500.72, 146.08, 0
mprj, 320.72, 1766.08, 0
mprj, 320.72, 1586.08, -0
mprj, 320.72, 1406.08, 0
mprj, 320.72, 1226.08, 0
mprj, 320.72, 1046.08, 0
mprj, 320.72, 866.08, 0
mprj, 320.72, 686.08, 0
mprj, 320.72, 506.08, 0
mprj, 320.72, 326.08, 0
mprj, 320.72, 146.08, 0
mprj, 140.72, 1766.08, 0
mprj, 140.72, 1586.08, 0
mprj, 140.72, 1406.08, -0
mprj, 140.72, 1226.08, 0
mprj, 140.72, 1046.08, -0
mprj, 140.72, 866.08, 0
mprj, 140.72, 686.08, 0
mprj, 140.72, 506.08, 0
mprj, 140.72, 326.08, 0
mprj, 140.72, 146.08, -0
mprj, 2839.17, 1759.84, 0
mprj, 2842.27, 1759.84, 0
mprj, 2659.17, 1759.84, 0
mprj, 2662.27, 1759.84, 0
mprj, 2479.17, 1759.84, 0
mprj, 2482.27, 1759.84, 0
mprj, 2299.17, 1759.84, 0
mprj, 2302.27, 1759.84, 0
mprj, 2119.17, 1759.84, 0
mprj, 2122.27, 1759.84, 0
mprj, 1939.17, 1759.84, 0
mprj, 1942.27, 1759.84, 0
mprj, 1759.17, 1759.84, 0
mprj, 1762.27, 1759.84, 0
mprj, 1579.17, 1759.84, 0
mprj, 1582.27, 1759.84, 0
mprj, 1399.17, 1759.84, 0
mprj, 1402.27, 1759.84, 0
mprj, 1219.17, 1759.84, 0
mprj, 1222.27, 1759.84, 0
mprj, 1039.17, 1759.84, 0
mprj, 1042.27, 1759.84, 0
mprj, 859.17, 1759.84, 0
mprj, 862.27, 1759.84, 0
mprj, 679.17, 1759.84, 0
mprj, 682.27, 1759.84, 0
mprj, 499.17, 1759.84, 0
mprj, 502.27, 1759.84, 0
mprj, 319.17, 1759.84, 0
mprj, 322.27, 1759.84, 0
mprj, 139.17, 1759.84, 0
mprj, 142.27, 1759.84, 0

