Instance name,  X location,  Y location,  Voltage 
mprj, 2803.52, 1728.88, 0
mprj, 2803.52, 1548.88, 0
mprj, 2803.52, 1368.88, 0
mprj, 2803.52, 1188.88, 0
mprj, 2803.52, 1008.88, 0
mprj, 2803.52, 828.88, 0
mprj, 2803.52, 648.88, 0
mprj, 2803.52, 468.88, 0
mprj, 2803.52, 288.88, 0
mprj, 2803.52, 108.88, 0
mprj, 2623.52, 1728.88, 0
mprj, 2623.52, 1548.88, 0
mprj, 2623.52, 1368.88, -0
mprj, 2623.52, 1188.88, 0
mprj, 2623.52, 1008.88, 0
mprj, 2623.52, 828.88, 0
mprj, 2623.52, 648.88, 0
mprj, 2623.52, 468.88, 0
mprj, 2623.52, 288.88, 0
mprj, 2623.52, 108.88, 0
mprj, 2443.52, 1728.88, 0
mprj, 2443.52, 1548.88, 0
mprj, 2443.52, 1368.88, 0
mprj, 2443.52, 1188.88, 0
mprj, 2443.52, 1008.88, 0
mprj, 2443.52, 828.88, 0
mprj, 2443.52, 648.88, 0
mprj, 2443.52, 468.88, 0
mprj, 2443.52, 288.88, 0
mprj, 2443.52, 108.88, 0
mprj, 2263.52, 1728.88, 0
mprj, 2263.52, 1548.88, 0
mprj, 2263.52, 1368.88, 0
mprj, 2263.52, 1188.88, 0
mprj, 2263.52, 1008.88, 0
mprj, 2263.52, 828.88, 0
mprj, 2263.52, 648.88, 0
mprj, 2263.52, 468.88, 0
mprj, 2263.52, 288.88, 0
mprj, 2263.52, 108.88, 0
mprj, 2083.52, 1728.88, 0
mprj, 2083.52, 1548.88, 0
mprj, 2083.52, 1368.88, 0
mprj, 2083.52, 1188.88, -0
mprj, 2083.52, 1008.88, 0
mprj, 2083.52, 828.88, 0
mprj, 2083.52, 648.88, 0
mprj, 2083.52, 468.88, 0
mprj, 2083.52, 288.88, 0
mprj, 2083.52, 108.88, 0
mprj, 1903.52, 1728.88, 0
mprj, 1903.52, 1548.88, 0
mprj, 1903.52, 1368.88, 0
mprj, 1903.52, 1188.88, 0
mprj, 1903.52, 1008.88, 0
mprj, 1903.52, 828.88, 0
mprj, 1903.52, 648.88, 0
mprj, 1903.52, 468.88, 0
mprj, 1903.52, 288.88, 0
mprj, 1903.52, 108.88, 0
mprj, 1723.52, 1728.88, 0
mprj, 1723.52, 1548.88, 0
mprj, 1723.52, 1368.88, -0
mprj, 1723.52, 1188.88, 0
mprj, 1723.52, 1008.88, 0
mprj, 1723.52, 828.88, 0
mprj, 1723.52, 648.88, -0
mprj, 1723.52, 468.88, 0
mprj, 1723.52, 288.88, -0
mprj, 1723.52, 108.88, 0
mprj, 1363.52, 1728.88, 0
mprj, 1363.52, 1548.88, 0
mprj, 1363.52, 1368.88, 0
mprj, 1363.52, 1188.88, 0
mprj, 1363.52, 1008.88, 0
mprj, 1363.52, 828.88, 0
mprj, 1363.52, 648.88, 0
mprj, 1363.52, 468.88, 0
mprj, 1363.52, 288.88, 0
mprj, 1363.52, 108.88, 0
mprj, 1183.52, 1728.88, -0
mprj, 1183.52, 1548.88, -0
mprj, 1183.52, 1368.88, 0
mprj, 1183.52, 1188.88, 0
mprj, 1183.52, 1008.88, 0
mprj, 1183.52, 828.88, 0
mprj, 1183.52, 648.88, 0
mprj, 1183.52, 468.88, 0
mprj, 1183.52, 288.88, 0
mprj, 1183.52, 108.88, 0
mprj, 823.52, 1728.88, 0
mprj, 823.52, 1548.88, 0
mprj, 823.52, 1368.88, -0
mprj, 823.52, 1188.88, 0
mprj, 823.52, 1008.88, 0
mprj, 823.52, 828.88, -0
mprj, 823.52, 648.88, -0
mprj, 823.52, 468.88, 0
mprj, 823.52, 288.88, 0
mprj, 823.52, 108.88, 0
mprj, 643.52, 1728.88, 0
mprj, 643.52, 1548.88, 0
mprj, 643.52, 1368.88, 0
mprj, 643.52, 1188.88, 0
mprj, 643.52, 1008.88, 0
mprj, 643.52, 828.88, 0
mprj, 643.52, 648.88, 0
mprj, 643.52, 468.88, 0
mprj, 643.52, 288.88, 0
mprj, 643.52, 108.88, 0
mprj, 283.52, 1728.88, -0
mprj, 283.52, 1548.88, 0
mprj, 283.52, 1368.88, -0
mprj, 283.52, 1188.88, -0
mprj, 283.52, 1008.88, 0
mprj, 283.52, 828.88, 0
mprj, 283.52, 648.88, -0
mprj, 283.52, 468.88, -0
mprj, 283.52, 288.88, 0
mprj, 283.52, 108.88, 0
mprj, 103.52, 1728.88, 0
mprj, 103.52, 1548.88, 0
mprj, 103.52, 1368.88, -0
mprj, 103.52, 1188.88, 0
mprj, 103.52, 1008.88, 0
mprj, 103.52, 828.88, 0
mprj, 103.52, 648.88, 0
mprj, 103.52, 468.88, 0
mprj, 103.52, 288.88, -0
mprj, 103.52, 108.88, -0
mprj, 2801.97, 1759.84, 0
mprj, 2805.07, 1759.84, 0
mprj, 2621.97, 1759.84, 0
mprj, 2625.07, 1759.84, 0
mprj, 2441.97, 1759.84, 0
mprj, 2445.07, 1759.84, 0
mprj, 2261.97, 1759.84, 0
mprj, 2265.07, 1759.84, 0
mprj, 2081.97, 1759.84, 0
mprj, 2085.07, 1759.84, 0
mprj, 1901.97, 1759.84, 0
mprj, 1905.07, 1759.84, 0
mprj, 1721.97, 1759.84, 0
mprj, 1725.07, 1759.84, 0
mprj, 1361.97, 1759.84, 0
mprj, 1365.07, 1759.84, 0
mprj, 1181.97, 1759.84, 0
mprj, 1185.07, 1759.84, 0
mprj, 821.97, 1759.84, 0
mprj, 825.07, 1759.84, 0
mprj, 641.97, 1759.84, 0
mprj, 645.07, 1759.84, 0
mprj, 281.97, 1759.84, 0
mprj, 285.07, 1759.84, 0
mprj, 101.97, 1759.84, 0
mprj, 105.07, 1759.84, 0

