Instance name,  X location,  Y location,  Voltage 
mprj, 2769.84, 1654.48, 0
mprj, 2769.84, 1474.48, 0
mprj, 2769.84, 1294.48, 0
mprj, 2769.84, 1114.48, 0
mprj, 2769.84, 934.48, 0
mprj, 2769.84, 754.48, 0
mprj, 2769.84, 574.48, 0
mprj, 2769.84, 394.48, 0
mprj, 2769.84, 214.48, 0
mprj, 2769.84, 34.48, 0
mprj, 2729.12, 1654.48, 0
mprj, 2729.12, 1474.48, 0
mprj, 2729.12, 1294.48, 0
mprj, 2729.12, 1114.48, 0
mprj, 2729.12, 934.48, 0
mprj, 2729.12, 754.48, 0
mprj, 2729.12, 574.48, 0
mprj, 2729.12, 394.48, 0
mprj, 2729.12, 214.48, 0
mprj, 2729.12, 34.48, 0
mprj, 2616.24, 1654.48, 0
mprj, 2616.24, 1474.48, 0
mprj, 2616.24, 1294.48, 0
mprj, 2616.24, 1114.48, 0
mprj, 2616.24, 934.48, 0
mprj, 2616.24, 754.48, 0
mprj, 2616.24, 574.48, 0
mprj, 2616.24, 394.48, 0
mprj, 2616.24, 214.48, 0
mprj, 2616.24, 34.48, 0
mprj, 2549.12, 1654.48, 0
mprj, 2549.12, 1474.48, 0
mprj, 2549.12, 1294.48, 0
mprj, 2549.12, 1114.48, 0
mprj, 2549.12, 934.48, -0
mprj, 2549.12, 754.48, -0
mprj, 2549.12, 574.48, -0
mprj, 2549.12, 394.48, 0
mprj, 2549.12, 214.48, -0
mprj, 2549.12, 34.48, 0
mprj, 2462.64, 1654.48, 0
mprj, 2462.64, 1474.48, 0
mprj, 2462.64, 1294.48, 0
mprj, 2462.64, 1114.48, 0
mprj, 2462.64, 934.48, 0
mprj, 2462.64, 754.48, 0
mprj, 2462.64, 574.48, 0
mprj, 2462.64, 394.48, 0
mprj, 2462.64, 214.48, 0
mprj, 2462.64, 34.48, 0
mprj, 2369.12, 1654.48, -0
mprj, 2369.12, 1474.48, -0
mprj, 2369.12, 1294.48, 0
mprj, 2369.12, 1114.48, 0
mprj, 2369.12, 934.48, -0
mprj, 2369.12, 754.48, 0
mprj, 2369.12, 574.48, -0
mprj, 2369.12, 394.48, -0
mprj, 2369.12, 214.48, 0
mprj, 2369.12, 34.48, 0
mprj, 2309.04, 1654.48, 0
mprj, 2309.04, 1474.48, 0
mprj, 2309.04, 1294.48, 0
mprj, 2309.04, 1114.48, 0
mprj, 2309.04, 934.48, 0
mprj, 2309.04, 754.48, 0
mprj, 2309.04, 574.48, 0
mprj, 2309.04, 394.48, 0
mprj, 2309.04, 214.48, 0
mprj, 2309.04, 34.48, 0
mprj, 2189.12, 1654.48, -0
mprj, 2189.12, 1474.48, -0
mprj, 2189.12, 1294.48, 0
mprj, 2189.12, 1114.48, 0
mprj, 2189.12, 934.48, 0
mprj, 2189.12, 754.48, -0
mprj, 2189.12, 574.48, 0
mprj, 2189.12, 394.48, 0
mprj, 2189.12, 214.48, -0
mprj, 2189.12, 34.48, 0
mprj, 2155.44, 1654.48, 0
mprj, 2155.44, 1474.48, 0
mprj, 2155.44, 1294.48, 0
mprj, 2155.44, 1114.48, 0
mprj, 2155.44, 934.48, 0
mprj, 2155.44, 754.48, 0
mprj, 2155.44, 574.48, 0
mprj, 2155.44, 394.48, 0
mprj, 2155.44, 214.48, 0
mprj, 2155.44, 34.48, 0
mprj, 2009.12, 1654.48, 0
mprj, 2009.12, 1474.48, 0
mprj, 2009.12, 1294.48, 0
mprj, 2009.12, 1114.48, 0
mprj, 2009.12, 934.48, 0
mprj, 2009.12, 754.48, 0
mprj, 2009.12, 574.48, 0
mprj, 2009.12, 394.48, 0
mprj, 2009.12, 214.48, 0
mprj, 2009.12, 34.48, 0
mprj, 2001.84, 1654.48, 0
mprj, 2001.84, 1474.48, 0
mprj, 2001.84, 1294.48, 0
mprj, 2001.84, 1114.48, 0
mprj, 2001.84, 934.48, 0
mprj, 2001.84, 754.48, 0
mprj, 2001.84, 574.48, 0
mprj, 2001.84, 394.48, 0
mprj, 2001.84, 214.48, 0
mprj, 2001.84, 34.48, 0
mprj, 1848.24, 1654.48, 0
mprj, 1848.24, 1474.48, 0
mprj, 1848.24, 1294.48, 0
mprj, 1848.24, 1114.48, 0
mprj, 1848.24, 934.48, 0
mprj, 1848.24, 754.48, 0
mprj, 1848.24, 574.48, 0
mprj, 1848.24, 394.48, 0
mprj, 1848.24, 214.48, 0
mprj, 1848.24, 34.48, 0
mprj, 1829.12, 1654.48, -0
mprj, 1829.12, 1474.48, -0
mprj, 1829.12, 1294.48, 0
mprj, 1829.12, 1114.48, 0
mprj, 1829.12, 934.48, 0
mprj, 1829.12, 754.48, 0
mprj, 1829.12, 574.48, 0
mprj, 1829.12, 394.48, 0
mprj, 1829.12, 214.48, -0
mprj, 1829.12, 34.48, 0
mprj, 1694.64, 1654.48, 0
mprj, 1694.64, 1474.48, 0
mprj, 1694.64, 1294.48, 0
mprj, 1694.64, 1114.48, 0
mprj, 1694.64, 934.48, 0
mprj, 1694.64, 754.48, 0
mprj, 1694.64, 574.48, 0
mprj, 1694.64, 394.48, 0
mprj, 1694.64, 214.48, 0
mprj, 1694.64, 34.48, 0
mprj, 1649.12, 1654.48, 0
mprj, 1649.12, 1474.48, 0
mprj, 1649.12, 1294.48, 0
mprj, 1649.12, 1114.48, 0
mprj, 1649.12, 934.48, 0
mprj, 1649.12, 754.48, 0
mprj, 1649.12, 574.48, 0
mprj, 1649.12, 394.48, 0
mprj, 1649.12, 214.48, 0
mprj, 1649.12, 34.48, 0
mprj, 1541.04, 1654.48, 0
mprj, 1541.04, 1474.48, 0
mprj, 1541.04, 1294.48, 0
mprj, 1541.04, 1114.48, 0
mprj, 1541.04, 934.48, 0
mprj, 1541.04, 754.48, 0
mprj, 1541.04, 574.48, 0
mprj, 1541.04, 394.48, 0
mprj, 1541.04, 214.48, 0
mprj, 1541.04, 34.48, 0
mprj, 1469.12, 1654.48, 0
mprj, 1469.12, 1474.48, 0
mprj, 1469.12, 1294.48, 0
mprj, 1469.12, 1114.48, 0
mprj, 1469.12, 934.48, 0
mprj, 1469.12, 754.48, 0
mprj, 1469.12, 574.48, 0
mprj, 1469.12, 394.48, 0
mprj, 1469.12, 214.48, 0
mprj, 1469.12, 34.48, 0
mprj, 1387.44, 1654.48, 0
mprj, 1387.44, 1474.48, 0
mprj, 1387.44, 1294.48, 0
mprj, 1387.44, 1114.48, 0
mprj, 1387.44, 934.48, 0
mprj, 1387.44, 754.48, 0
mprj, 1387.44, 574.48, 0
mprj, 1387.44, 394.48, 0
mprj, 1387.44, 214.48, 0
mprj, 1387.44, 34.48, 0
mprj, 1289.12, 1654.48, 0
mprj, 1289.12, 1474.48, 0
mprj, 1289.12, 1294.48, 0
mprj, 1289.12, 1114.48, 0
mprj, 1289.12, 934.48, 0
mprj, 1289.12, 754.48, 0
mprj, 1289.12, 574.48, 0
mprj, 1289.12, 394.48, 0
mprj, 1289.12, 214.48, 0
mprj, 1289.12, 34.48, 0
mprj, 1233.84, 1654.48, 0
mprj, 1233.84, 1474.48, 0
mprj, 1233.84, 1294.48, 0
mprj, 1233.84, 1114.48, 0
mprj, 1233.84, 934.48, 0
mprj, 1233.84, 754.48, 0
mprj, 1233.84, 574.48, 0
mprj, 1233.84, 394.48, 0
mprj, 1233.84, 214.48, 0
mprj, 1233.84, 34.48, 0
mprj, 1109.12, 1654.48, 0
mprj, 1109.12, 1474.48, 0
mprj, 1109.12, 1294.48, 0
mprj, 1109.12, 1114.48, 0
mprj, 1109.12, 934.48, 0
mprj, 1109.12, 754.48, 0
mprj, 1109.12, 574.48, 0
mprj, 1109.12, 394.48, 0
mprj, 1109.12, 214.48, 0
mprj, 1109.12, 34.48, 0
mprj, 1080.24, 1654.48, 0
mprj, 1080.24, 1474.48, 0
mprj, 1080.24, 1294.48, 0
mprj, 1080.24, 1114.48, 0
mprj, 1080.24, 934.48, 0
mprj, 1080.24, 754.48, 0
mprj, 1080.24, 574.48, 0
mprj, 1080.24, 394.48, 0
mprj, 1080.24, 214.48, 0
mprj, 1080.24, 34.48, 0
mprj, 926.64, 1654.48, 0
mprj, 926.64, 1474.48, 0
mprj, 926.64, 1294.48, 0
mprj, 926.64, 1114.48, 0
mprj, 926.64, 934.48, 0
mprj, 926.64, 754.48, 0
mprj, 926.64, 574.48, 0
mprj, 926.64, 394.48, 0
mprj, 926.64, 214.48, 0
mprj, 926.64, 34.48, 0
mprj, 773.04, 1654.48, 0
mprj, 773.04, 1474.48, 0
mprj, 773.04, 1294.48, 0
mprj, 773.04, 1114.48, 0
mprj, 773.04, 934.48, 0
mprj, 773.04, 754.48, 0
mprj, 773.04, 574.48, 0
mprj, 773.04, 394.48, 0
mprj, 773.04, 214.48, 0
mprj, 773.04, 34.48, 0
mprj, 749.12, 1654.48, -0
mprj, 749.12, 1474.48, 0
mprj, 749.12, 1294.48, -0
mprj, 749.12, 1114.48, 0
mprj, 749.12, 934.48, -0
mprj, 749.12, 754.48, 0
mprj, 749.12, 574.48, 0
mprj, 749.12, 394.48, 0
mprj, 749.12, 214.48, 0
mprj, 749.12, 34.48, 0
mprj, 619.44, 1654.48, 0
mprj, 619.44, 1474.48, 0
mprj, 619.44, 1294.48, 0
mprj, 619.44, 1114.48, 0
mprj, 619.44, 934.48, 0
mprj, 619.44, 754.48, 0
mprj, 619.44, 574.48, 0
mprj, 619.44, 394.48, 0
mprj, 619.44, 214.48, 0
mprj, 619.44, 34.48, 0
mprj, 569.12, 1654.48, 0
mprj, 569.12, 1474.48, 0
mprj, 569.12, 1294.48, 0
mprj, 569.12, 1114.48, 0
mprj, 569.12, 934.48, 0
mprj, 569.12, 754.48, 0
mprj, 569.12, 574.48, 0
mprj, 569.12, 394.48, 0
mprj, 569.12, 214.48, 0
mprj, 569.12, 34.48, 0
mprj, 465.84, 1654.48, 0
mprj, 465.84, 1474.48, 0
mprj, 465.84, 1294.48, 0
mprj, 465.84, 1114.48, 0
mprj, 465.84, 934.48, 0
mprj, 465.84, 754.48, 0
mprj, 465.84, 574.48, 0
mprj, 465.84, 394.48, 0
mprj, 465.84, 214.48, 0
mprj, 465.84, 34.48, 0
mprj, 312.24, 1654.48, 0
mprj, 312.24, 1474.48, 0
mprj, 312.24, 1294.48, 0
mprj, 312.24, 1114.48, 0
mprj, 312.24, 934.48, 0
mprj, 312.24, 754.48, 0
mprj, 312.24, 574.48, 0
mprj, 312.24, 394.48, 0
mprj, 312.24, 214.48, 0
mprj, 312.24, 34.48, 0
mprj, 209.12, 1654.48, 0
mprj, 209.12, 1474.48, 0
mprj, 209.12, 1294.48, 0
mprj, 209.12, 1114.48, 0
mprj, 209.12, 934.48, 0
mprj, 209.12, 754.48, 0
mprj, 209.12, 574.48, 0
mprj, 209.12, 394.48, 0
mprj, 209.12, 214.48, -0
mprj, 209.12, 34.48, 0
mprj, 158.64, 1654.48, 0
mprj, 158.64, 1474.48, 0
mprj, 158.64, 1294.48, 0
mprj, 158.64, 1114.48, 0
mprj, 158.64, 934.48, 0
mprj, 158.64, 754.48, 0
mprj, 158.64, 574.48, 0
mprj, 158.64, 394.48, 0
mprj, 158.64, 214.48, 0
mprj, 158.64, 34.48, 0
mprj, 2727.57, 1759.84, 0
mprj, 2730.67, 1759.84, 0
mprj, 2547.57, 1759.84, 0
mprj, 2550.67, 1759.84, 0
mprj, 2367.57, 1759.84, 0
mprj, 2370.67, 1759.84, 0
mprj, 2187.57, 1759.84, 0
mprj, 2190.67, 1759.84, 0
mprj, 2007.57, 1759.84, 0
mprj, 2010.67, 1759.84, 0
mprj, 1827.57, 1759.84, 0
mprj, 1830.67, 1759.84, 0
mprj, 1647.57, 1759.84, 0
mprj, 1650.67, 1759.84, 0
mprj, 1467.57, 1759.84, 0
mprj, 1470.67, 1759.84, 0
mprj, 1287.57, 1759.84, 0
mprj, 1290.67, 1759.84, 0
mprj, 1107.57, 1759.84, 0
mprj, 1110.67, 1759.84, 0
mprj, 747.57, 1759.84, 0
mprj, 750.67, 1759.84, 0
mprj, 567.57, 1759.84, 0
mprj, 570.67, 1759.84, 0
mprj, 207.57, 1759.84, 0
mprj, 210.67, 1759.84, 0

