Instance name,  X location,  Y location,  Voltage 
mprj, 2822.12, 1747.48, 1.8
mprj, 2822.12, 1567.48, 1.8
mprj, 2822.12, 1387.48, 1.8
mprj, 2822.12, 1207.48, 1.8
mprj, 2822.12, 1027.48, 1.8
mprj, 2822.12, 847.48, 1.8
mprj, 2822.12, 667.48, 1.8
mprj, 2822.12, 487.48, 1.8
mprj, 2822.12, 307.48, 1.8
mprj, 2822.12, 127.48, 1.8
mprj, 2642.12, 1747.48, 1.8
mprj, 2642.12, 1567.48, 1.8
mprj, 2642.12, 1387.48, 1.8
mprj, 2642.12, 1207.48, 1.8
mprj, 2642.12, 1027.48, 1.8
mprj, 2642.12, 847.48, 1.8
mprj, 2642.12, 667.48, 1.8
mprj, 2642.12, 487.48, 1.8
mprj, 2642.12, 307.48, 1.8
mprj, 2642.12, 127.48, 1.8
mprj, 2282.12, 1747.48, 1.8
mprj, 2282.12, 1567.48, 1.8
mprj, 2282.12, 1387.48, 1.8
mprj, 2282.12, 1207.48, 1.8
mprj, 2282.12, 1027.48, 1.8
mprj, 2282.12, 847.48, 1.8
mprj, 2282.12, 667.48, 1.8
mprj, 2282.12, 487.48, 1.8
mprj, 2282.12, 307.48, 1.8
mprj, 2282.12, 127.48, 1.8
mprj, 2102.12, 1747.48, 1.8
mprj, 2102.12, 1567.48, 1.8
mprj, 2102.12, 1387.48, 1.8
mprj, 2102.12, 1207.48, 1.8
mprj, 2102.12, 1027.48, 1.8
mprj, 2102.12, 847.48, 1.8
mprj, 2102.12, 667.48, 1.8
mprj, 2102.12, 487.48, 1.8
mprj, 2102.12, 307.48, 1.8
mprj, 2102.12, 127.48, 1.8
mprj, 1742.12, 1747.48, 1.8
mprj, 1742.12, 1567.48, 1.8
mprj, 1742.12, 1387.48, 1.8
mprj, 1742.12, 1207.48, 1.8
mprj, 1742.12, 1027.48, 1.8
mprj, 1742.12, 847.48, 1.8
mprj, 1742.12, 667.48, 1.8
mprj, 1742.12, 487.48, 1.8
mprj, 1742.12, 307.48, 1.8
mprj, 1742.12, 127.48, 1.8
mprj, 1562.12, 1747.48, 1.8
mprj, 1562.12, 1567.48, 1.8
mprj, 1562.12, 1387.48, 1.8
mprj, 1562.12, 1207.48, 1.8
mprj, 1562.12, 1027.48, 1.8
mprj, 1562.12, 847.48, 1.8
mprj, 1562.12, 667.48, 1.8
mprj, 1562.12, 487.48, 1.8
mprj, 1562.12, 307.48, 1.8
mprj, 1562.12, 127.48, 1.8
mprj, 1382.12, 1747.48, 1.8
mprj, 1382.12, 1567.48, 1.8
mprj, 1382.12, 1387.48, 1.8
mprj, 1382.12, 1207.48, 1.8
mprj, 1382.12, 1027.48, 1.8
mprj, 1382.12, 847.48, 1.8
mprj, 1382.12, 667.48, 1.8
mprj, 1382.12, 487.48, 1.8
mprj, 1382.12, 307.48, 1.8
mprj, 1382.12, 127.48, 1.8
mprj, 1202.12, 1747.48, 1.8
mprj, 1202.12, 1567.48, 1.8
mprj, 1202.12, 1387.48, 1.8
mprj, 1202.12, 1207.48, 1.8
mprj, 1202.12, 1027.48, 1.8
mprj, 1202.12, 847.48, 1.8
mprj, 1202.12, 667.48, 1.8
mprj, 1202.12, 487.48, 1.8
mprj, 1202.12, 307.48, 1.8
mprj, 1202.12, 127.48, 1.8
mprj, 1022.12, 1747.48, 1.8
mprj, 1022.12, 1567.48, 1.8
mprj, 1022.12, 1387.48, 1.8
mprj, 1022.12, 1207.48, 1.8
mprj, 1022.12, 1027.48, 1.8
mprj, 1022.12, 847.48, 1.8
mprj, 1022.12, 667.48, 1.8
mprj, 1022.12, 487.48, 1.8
mprj, 1022.12, 307.48, 1.8
mprj, 1022.12, 127.48, 1.8
mprj, 842.12, 1747.48, 1.8
mprj, 842.12, 1567.48, 1.8
mprj, 842.12, 1387.48, 1.8
mprj, 842.12, 1207.48, 1.8
mprj, 842.12, 1027.48, 1.8
mprj, 842.12, 847.48, 1.8
mprj, 842.12, 667.48, 1.8
mprj, 842.12, 487.48, 1.8
mprj, 842.12, 307.48, 1.8
mprj, 842.12, 127.48, 1.8
mprj, 662.12, 1747.48, 1.8
mprj, 662.12, 1567.48, 1.8
mprj, 662.12, 1387.48, 1.8
mprj, 662.12, 1207.48, 1.8
mprj, 662.12, 1027.48, 1.8
mprj, 662.12, 847.48, 1.8
mprj, 662.12, 667.48, 1.8
mprj, 662.12, 487.48, 1.8
mprj, 662.12, 307.48, 1.8
mprj, 662.12, 127.48, 1.8
mprj, 482.12, 1747.48, 1.8
mprj, 482.12, 1567.48, 1.8
mprj, 482.12, 1387.48, 1.8
mprj, 482.12, 1207.48, 1.8
mprj, 482.12, 1027.48, 1.8
mprj, 482.12, 847.48, 1.8
mprj, 482.12, 667.48, 1.8
mprj, 482.12, 487.48, 1.8
mprj, 482.12, 307.48, 1.8
mprj, 482.12, 127.48, 1.8
mprj, 302.12, 1747.48, 1.8
mprj, 302.12, 1567.48, 1.8
mprj, 302.12, 1387.48, 1.8
mprj, 302.12, 1207.48, 1.8
mprj, 302.12, 1027.48, 1.8
mprj, 302.12, 847.48, 1.8
mprj, 302.12, 667.48, 1.8
mprj, 302.12, 487.48, 1.8
mprj, 302.12, 307.48, 1.8
mprj, 302.12, 127.48, 1.8
mprj, 122.12, 1747.48, 1.8
mprj, 122.12, 1567.48, 1.8
mprj, 122.12, 1387.48, 1.8
mprj, 122.12, 1207.48, 1.8
mprj, 122.12, 1027.48, 1.8
mprj, 122.12, 847.48, 1.8
mprj, 122.12, 667.48, 1.8
mprj, 122.12, 487.48, 1.8
mprj, 122.12, 307.48, 1.8
mprj, 122.12, 127.48, 1.8
mprj, 2820.57, 1759.84, 1.8
mprj, 2823.67, 1759.84, 1.8
mprj, 2640.57, 1759.84, 1.8
mprj, 2643.67, 1759.84, 1.8
mprj, 2280.57, 1759.84, 1.8
mprj, 2283.67, 1759.84, 1.8
mprj, 2100.57, 1759.84, 1.8
mprj, 2103.67, 1759.84, 1.8
mprj, 1740.57, 1759.84, 1.8
mprj, 1743.67, 1759.84, 1.8
mprj, 1560.57, 1759.84, 1.8
mprj, 1563.67, 1759.84, 1.8
mprj, 1380.57, 1759.84, 1.8
mprj, 1383.67, 1759.84, 1.8
mprj, 1200.57, 1759.84, 1.8
mprj, 1203.67, 1759.84, 1.8
mprj, 1020.57, 1759.84, 1.8
mprj, 1023.67, 1759.84, 1.8
mprj, 840.57, 1759.84, 1.8
mprj, 843.67, 1759.84, 1.8
mprj, 660.57, 1759.84, 1.8
mprj, 663.67, 1759.84, 1.8
mprj, 480.57, 1759.84, 1.8
mprj, 483.67, 1759.84, 1.8
mprj, 300.57, 1759.84, 1.8
mprj, 303.67, 1759.84, 1.8
mprj, 120.57, 1759.84, 1.8
mprj, 123.67, 1759.84, 1.8

