Instance name,  X location,  Y location,  Voltage 
mprj, 2784.92, 1710.28, 1.8
mprj, 2784.92, 1530.28, 1.8
mprj, 2784.92, 1350.28, 1.8
mprj, 2784.92, 1170.28, 1.8
mprj, 2784.92, 990.28, 1.8
mprj, 2784.92, 810.28, 1.8
mprj, 2784.92, 630.28, 1.8
mprj, 2784.92, 450.28, 1.8
mprj, 2784.92, 270.28, 1.8
mprj, 2784.92, 90.28, 1.8
mprj, 2604.92, 1710.28, 1.8
mprj, 2604.92, 1530.28, 1.8
mprj, 2604.92, 1350.28, 1.8
mprj, 2604.92, 1170.28, 1.8
mprj, 2604.92, 990.28, 1.8
mprj, 2604.92, 810.28, 1.8
mprj, 2604.92, 630.28, 1.8
mprj, 2604.92, 450.28, 1.8
mprj, 2604.92, 270.28, 1.8
mprj, 2604.92, 90.28, 1.8
mprj, 2424.92, 1710.28, 1.8
mprj, 2424.92, 1530.28, 1.8
mprj, 2424.92, 1350.28, 1.8
mprj, 2424.92, 1170.28, 1.8
mprj, 2424.92, 990.28, 1.8
mprj, 2424.92, 810.28, 1.8
mprj, 2424.92, 630.28, 1.8
mprj, 2424.92, 450.28, 1.8
mprj, 2424.92, 270.28, 1.8
mprj, 2424.92, 90.28, 1.8
mprj, 2244.92, 1710.28, 1.8
mprj, 2244.92, 1530.28, 1.8
mprj, 2244.92, 1350.28, 1.8
mprj, 2244.92, 1170.28, 1.8
mprj, 2244.92, 990.28, 1.8
mprj, 2244.92, 810.28, 1.8
mprj, 2244.92, 630.28, 1.8
mprj, 2244.92, 450.28, 1.8
mprj, 2244.92, 270.28, 1.8
mprj, 2244.92, 90.28, 1.8
mprj, 2064.92, 1710.28, 1.8
mprj, 2064.92, 1530.28, 1.8
mprj, 2064.92, 1350.28, 1.8
mprj, 2064.92, 1170.28, 1.8
mprj, 2064.92, 990.28, 1.8
mprj, 2064.92, 810.28, 1.8
mprj, 2064.92, 630.28, 1.8
mprj, 2064.92, 450.28, 1.8
mprj, 2064.92, 270.28, 1.8
mprj, 2064.92, 90.28, 1.8
mprj, 1884.92, 1710.28, 1.8
mprj, 1884.92, 1530.28, 1.8
mprj, 1884.92, 1350.28, 1.8
mprj, 1884.92, 1170.28, 1.8
mprj, 1884.92, 990.28, 1.8
mprj, 1884.92, 810.28, 1.8
mprj, 1884.92, 630.28, 1.8
mprj, 1884.92, 450.28, 1.8
mprj, 1884.92, 270.28, 1.8
mprj, 1884.92, 90.28, 1.8
mprj, 1704.92, 1710.28, 1.8
mprj, 1704.92, 1530.28, 1.8
mprj, 1704.92, 1350.28, 1.8
mprj, 1704.92, 1170.28, 1.8
mprj, 1704.92, 990.28, 1.8
mprj, 1704.92, 810.28, 1.8
mprj, 1704.92, 630.28, 1.8
mprj, 1704.92, 450.28, 1.8
mprj, 1704.92, 270.28, 1.8
mprj, 1704.92, 90.28, 1.8
mprj, 1524.92, 1710.28, 1.8
mprj, 1524.92, 1530.28, 1.8
mprj, 1524.92, 1350.28, 1.8
mprj, 1524.92, 1170.28, 1.8
mprj, 1524.92, 990.28, 1.8
mprj, 1524.92, 810.28, 1.8
mprj, 1524.92, 630.28, 1.8
mprj, 1524.92, 450.28, 1.8
mprj, 1524.92, 270.28, 1.8
mprj, 1524.92, 90.28, 1.8
mprj, 1344.92, 1710.28, 1.8
mprj, 1344.92, 1530.28, 1.8
mprj, 1344.92, 1350.28, 1.8
mprj, 1344.92, 1170.28, 1.8
mprj, 1344.92, 990.28, 1.8
mprj, 1344.92, 810.28, 1.8
mprj, 1344.92, 630.28, 1.8
mprj, 1344.92, 450.28, 1.8
mprj, 1344.92, 270.28, 1.8
mprj, 1344.92, 90.28, 1.8
mprj, 1164.92, 1710.28, 1.8
mprj, 1164.92, 1530.28, 1.8
mprj, 1164.92, 1350.28, 1.8
mprj, 1164.92, 1170.28, 1.8
mprj, 1164.92, 990.28, 1.8
mprj, 1164.92, 810.28, 1.8
mprj, 1164.92, 630.28, 1.8
mprj, 1164.92, 450.28, 1.8
mprj, 1164.92, 270.28, 1.8
mprj, 1164.92, 90.28, 1.8
mprj, 984.92, 1710.28, 1.8
mprj, 984.92, 1530.28, 1.8
mprj, 984.92, 1350.28, 1.8
mprj, 984.92, 1170.28, 1.8
mprj, 984.92, 990.28, 1.8
mprj, 984.92, 810.28, 1.8
mprj, 984.92, 630.28, 1.8
mprj, 984.92, 450.28, 1.8
mprj, 984.92, 270.28, 1.8
mprj, 984.92, 90.28, 1.8
mprj, 804.92, 1710.28, 1.8
mprj, 804.92, 1530.28, 1.8
mprj, 804.92, 1350.28, 1.8
mprj, 804.92, 1170.28, 1.8
mprj, 804.92, 990.28, 1.8
mprj, 804.92, 810.28, 1.8
mprj, 804.92, 630.28, 1.8
mprj, 804.92, 450.28, 1.8
mprj, 804.92, 270.28, 1.8
mprj, 804.92, 90.28, 1.8
mprj, 624.92, 1710.28, 1.8
mprj, 624.92, 1530.28, 1.8
mprj, 624.92, 1350.28, 1.8
mprj, 624.92, 1170.28, 1.8
mprj, 624.92, 990.28, 1.8
mprj, 624.92, 810.28, 1.8
mprj, 624.92, 630.28, 1.8
mprj, 624.92, 450.28, 1.8
mprj, 624.92, 270.28, 1.8
mprj, 624.92, 90.28, 1.8
mprj, 444.92, 1710.28, 1.8
mprj, 444.92, 1530.28, 1.8
mprj, 444.92, 1350.28, 1.8
mprj, 444.92, 1170.28, 1.8
mprj, 444.92, 990.28, 1.8
mprj, 444.92, 810.28, 1.8
mprj, 444.92, 630.28, 1.8
mprj, 444.92, 450.28, 1.8
mprj, 444.92, 270.28, 1.8
mprj, 444.92, 90.28, 1.8
mprj, 264.92, 1710.28, 1.8
mprj, 264.92, 1530.28, 1.8
mprj, 264.92, 1350.28, 1.8
mprj, 264.92, 1170.28, 1.8
mprj, 264.92, 990.28, 1.8
mprj, 264.92, 810.28, 1.8
mprj, 264.92, 630.28, 1.8
mprj, 264.92, 450.28, 1.8
mprj, 264.92, 270.28, 1.8
mprj, 264.92, 90.28, 1.8
mprj, 84.92, 1710.28, 1.8
mprj, 84.92, 1530.28, 1.8
mprj, 84.92, 1350.28, 1.8
mprj, 84.92, 1170.28, 1.8
mprj, 84.92, 990.28, 1.8
mprj, 84.92, 810.28, 1.8
mprj, 84.92, 630.28, 1.8
mprj, 84.92, 450.28, 1.8
mprj, 84.92, 270.28, 1.8
mprj, 84.92, 90.28, 1.8
mprj, 2783.37, 1759.84, 1.8
mprj, 2786.47, 1759.84, 1.8
mprj, 2603.37, 1759.84, 1.8
mprj, 2606.47, 1759.84, 1.8
mprj, 2423.37, 1759.84, 1.8
mprj, 2426.47, 1759.84, 1.8
mprj, 2243.37, 1759.84, 1.8
mprj, 2246.47, 1759.84, 1.8
mprj, 2063.37, 1759.84, 1.8
mprj, 2066.47, 1759.84, 1.8
mprj, 1883.37, 1759.84, 1.8
mprj, 1886.47, 1759.84, 1.8
mprj, 1703.37, 1759.84, 1.8
mprj, 1706.47, 1759.84, 1.8
mprj, 1523.37, 1759.84, 1.8
mprj, 1526.47, 1759.84, 1.8
mprj, 1343.37, 1759.84, 1.8
mprj, 1346.47, 1759.84, 1.8
mprj, 1163.37, 1759.84, 1.8
mprj, 1166.47, 1759.84, 1.8
mprj, 983.37, 1759.84, 1.8
mprj, 986.47, 1759.84, 1.8
mprj, 803.37, 1759.84, 1.8
mprj, 806.47, 1759.84, 1.8
mprj, 623.37, 1759.84, 1.8
mprj, 626.47, 1759.84, 1.8
mprj, 443.37, 1759.84, 1.8
mprj, 446.47, 1759.84, 1.8
mprj, 263.37, 1759.84, 1.8
mprj, 266.47, 1759.84, 1.8
mprj, 83.37, 1759.84, 1.8
mprj, 86.47, 1759.84, 1.8

