Instance name,  X location,  Y location,  Voltage 
mprj, 2846.64, 1635.88, 1.8
mprj, 2846.64, 1455.88, 1.8
mprj, 2846.64, 1275.88, 1.8
mprj, 2846.64, 1095.88, 1.8
mprj, 2846.64, 915.88, 1.8
mprj, 2846.64, 735.88, 1.8
mprj, 2846.64, 555.88, 1.8
mprj, 2846.64, 375.88, 1.8
mprj, 2846.64, 195.88, 1.8
mprj, 2710.52, 1635.88, 1.8
mprj, 2710.52, 1455.88, 1.8
mprj, 2710.52, 1275.88, 1.8
mprj, 2710.52, 1095.88, 1.8
mprj, 2710.52, 915.88, 1.8
mprj, 2710.52, 735.88, 1.8
mprj, 2710.52, 555.88, 1.8
mprj, 2710.52, 375.88, 1.8
mprj, 2710.52, 195.88, 1.8
mprj, 2710.52, 15.88, 1.8
mprj, 2693.04, 1635.88, 1.8
mprj, 2693.04, 1455.88, 1.8
mprj, 2693.04, 1275.88, 1.8
mprj, 2693.04, 1095.88, 1.8
mprj, 2693.04, 915.88, 1.8
mprj, 2693.04, 735.88, 1.8
mprj, 2693.04, 555.88, 1.8
mprj, 2693.04, 375.88, 1.8
mprj, 2693.04, 195.88, 1.8
mprj, 2539.44, 1635.88, 1.8
mprj, 2539.44, 1455.88, 1.8
mprj, 2539.44, 1275.88, 1.8
mprj, 2539.44, 1095.88, 1.8
mprj, 2539.44, 915.88, 1.8
mprj, 2539.44, 735.88, 1.8
mprj, 2539.44, 555.88, 1.8
mprj, 2539.44, 375.88, 1.8
mprj, 2539.44, 195.88, 1.8
mprj, 2530.52, 1635.88, 1.8
mprj, 2530.52, 1455.88, 1.8
mprj, 2530.52, 1275.88, 1.8
mprj, 2530.52, 1095.88, 1.8
mprj, 2530.52, 915.88, 1.8
mprj, 2530.52, 735.88, 1.8
mprj, 2530.52, 555.88, 1.8
mprj, 2530.52, 375.88, 1.8
mprj, 2530.52, 195.88, 1.8
mprj, 2530.52, 15.88, 1.8
mprj, 2385.84, 1635.88, 1.8
mprj, 2385.84, 1455.88, 1.8
mprj, 2385.84, 1275.88, 1.8
mprj, 2385.84, 1095.88, 1.8
mprj, 2385.84, 915.88, 1.8
mprj, 2385.84, 735.88, 1.8
mprj, 2385.84, 555.88, 1.8
mprj, 2385.84, 375.88, 1.8
mprj, 2385.84, 195.88, 1.8
mprj, 2350.52, 1635.88, 1.8
mprj, 2350.52, 1455.88, 1.8
mprj, 2350.52, 1275.88, 1.8
mprj, 2350.52, 1095.88, 1.8
mprj, 2350.52, 915.88, 1.8
mprj, 2350.52, 735.88, 1.8
mprj, 2350.52, 555.88, 1.8
mprj, 2350.52, 375.88, 1.8
mprj, 2350.52, 195.88, 1.8
mprj, 2350.52, 15.88, 1.8
mprj, 2232.24, 1635.88, 1.8
mprj, 2232.24, 1455.88, 1.8
mprj, 2232.24, 1275.88, 1.8
mprj, 2232.24, 1095.88, 1.8
mprj, 2232.24, 915.88, 1.8
mprj, 2232.24, 735.88, 1.8
mprj, 2232.24, 555.88, 1.8
mprj, 2232.24, 375.88, 1.8
mprj, 2232.24, 195.88, 1.8
mprj, 2170.52, 1635.88, 1.8
mprj, 2170.52, 1455.88, 1.8
mprj, 2170.52, 1275.88, 1.8
mprj, 2170.52, 1095.88, 1.8
mprj, 2170.52, 915.88, 1.8
mprj, 2170.52, 735.88, 1.8
mprj, 2170.52, 555.88, 1.8
mprj, 2170.52, 375.88, 1.8
mprj, 2170.52, 195.88, 1.8
mprj, 2170.52, 15.88, 1.8
mprj, 2078.64, 1635.88, 1.8
mprj, 2078.64, 1455.88, 1.8
mprj, 2078.64, 1275.88, 1.8
mprj, 2078.64, 1095.88, 1.8
mprj, 2078.64, 915.88, 1.8
mprj, 2078.64, 735.88, 1.8
mprj, 2078.64, 555.88, 1.8
mprj, 2078.64, 375.88, 1.8
mprj, 2078.64, 195.88, 1.8
mprj, 1990.52, 1635.88, 1.8
mprj, 1990.52, 1455.88, 1.8
mprj, 1990.52, 1275.88, 1.8
mprj, 1990.52, 1095.88, 1.8
mprj, 1990.52, 915.88, 1.8
mprj, 1990.52, 735.88, 1.8
mprj, 1990.52, 555.88, 1.8
mprj, 1990.52, 375.88, 1.8
mprj, 1990.52, 195.88, 1.8
mprj, 1990.52, 15.88, 1.8
mprj, 1925.04, 1635.88, 1.8
mprj, 1925.04, 1455.88, 1.8
mprj, 1925.04, 1275.88, 1.8
mprj, 1925.04, 1095.88, 1.8
mprj, 1925.04, 915.88, 1.8
mprj, 1925.04, 735.88, 1.8
mprj, 1925.04, 555.88, 1.8
mprj, 1925.04, 375.88, 1.8
mprj, 1925.04, 195.88, 1.8
mprj, 1810.52, 1635.88, 1.8
mprj, 1810.52, 1455.88, 1.8
mprj, 1810.52, 1275.88, 1.8
mprj, 1810.52, 1095.88, 1.8
mprj, 1810.52, 915.88, 1.8
mprj, 1810.52, 735.88, 1.8
mprj, 1810.52, 555.88, 1.8
mprj, 1810.52, 375.88, 1.8
mprj, 1810.52, 195.88, 1.8
mprj, 1810.52, 15.88, 1.8
mprj, 1771.44, 1635.88, 1.8
mprj, 1771.44, 1455.88, 1.8
mprj, 1771.44, 1275.88, 1.8
mprj, 1771.44, 1095.88, 1.8
mprj, 1771.44, 915.88, 1.8
mprj, 1771.44, 735.88, 1.8
mprj, 1771.44, 555.88, 1.8
mprj, 1771.44, 375.88, 1.8
mprj, 1771.44, 195.88, 1.8
mprj, 1630.52, 1635.88, 1.8
mprj, 1630.52, 1455.88, 1.8
mprj, 1630.52, 1275.88, 1.8
mprj, 1630.52, 1095.88, 1.8
mprj, 1630.52, 915.88, 1.8
mprj, 1630.52, 735.88, 1.8
mprj, 1630.52, 555.88, 1.8
mprj, 1630.52, 375.88, 1.8
mprj, 1630.52, 195.88, 1.8
mprj, 1630.52, 15.88, 1.8
mprj, 1617.84, 1635.88, 1.8
mprj, 1617.84, 1455.88, 1.8
mprj, 1617.84, 1275.88, 1.8
mprj, 1617.84, 1095.88, 1.8
mprj, 1617.84, 915.88, 1.8
mprj, 1617.84, 735.88, 1.8
mprj, 1617.84, 555.88, 1.8
mprj, 1617.84, 375.88, 1.8
mprj, 1617.84, 195.88, 1.8
mprj, 1464.24, 1635.88, 1.8
mprj, 1464.24, 1455.88, 1.8
mprj, 1464.24, 1275.88, 1.8
mprj, 1464.24, 1095.88, 1.8
mprj, 1464.24, 915.88, 1.8
mprj, 1464.24, 735.88, 1.8
mprj, 1464.24, 555.88, 1.8
mprj, 1464.24, 375.88, 1.8
mprj, 1464.24, 195.88, 1.8
mprj, 1450.52, 1635.88, 1.8
mprj, 1450.52, 1455.88, 1.8
mprj, 1450.52, 1275.88, 1.8
mprj, 1450.52, 1095.88, 1.8
mprj, 1450.52, 915.88, 1.8
mprj, 1450.52, 735.88, 1.8
mprj, 1450.52, 555.88, 1.8
mprj, 1450.52, 375.88, 1.8
mprj, 1450.52, 195.88, 1.8
mprj, 1450.52, 15.88, 1.8
mprj, 1310.64, 1635.88, 1.8
mprj, 1310.64, 1455.88, 1.8
mprj, 1310.64, 1275.88, 1.8
mprj, 1310.64, 1095.88, 1.8
mprj, 1310.64, 915.88, 1.8
mprj, 1310.64, 735.88, 1.8
mprj, 1310.64, 555.88, 1.8
mprj, 1310.64, 375.88, 1.8
mprj, 1310.64, 195.88, 1.8
mprj, 1270.52, 1635.88, 1.8
mprj, 1270.52, 1455.88, 1.8
mprj, 1270.52, 1275.88, 1.8
mprj, 1270.52, 1095.88, 1.8
mprj, 1270.52, 915.88, 1.8
mprj, 1270.52, 735.88, 1.8
mprj, 1270.52, 555.88, 1.8
mprj, 1270.52, 375.88, 1.8
mprj, 1270.52, 195.88, 1.8
mprj, 1270.52, 15.88, 1.8
mprj, 1157.04, 1635.88, 1.8
mprj, 1157.04, 1455.88, 1.8
mprj, 1157.04, 1275.88, 1.8
mprj, 1157.04, 1095.88, 1.8
mprj, 1157.04, 915.88, 1.8
mprj, 1157.04, 735.88, 1.8
mprj, 1157.04, 555.88, 1.8
mprj, 1157.04, 375.88, 1.8
mprj, 1157.04, 195.88, 1.8
mprj, 1090.52, 1635.88, 1.8
mprj, 1090.52, 1455.88, 1.8
mprj, 1090.52, 1275.88, 1.8
mprj, 1090.52, 1095.88, 1.8
mprj, 1090.52, 915.88, 1.8
mprj, 1090.52, 735.88, 1.8
mprj, 1090.52, 555.88, 1.8
mprj, 1090.52, 375.88, 1.8
mprj, 1090.52, 195.88, 1.8
mprj, 1090.52, 15.88, 1.8
mprj, 1003.44, 1635.88, 1.8
mprj, 1003.44, 1455.88, 1.8
mprj, 1003.44, 1275.88, 1.8
mprj, 1003.44, 1095.88, 1.8
mprj, 1003.44, 915.88, 1.8
mprj, 1003.44, 735.88, 1.8
mprj, 1003.44, 555.88, 1.8
mprj, 1003.44, 375.88, 1.8
mprj, 1003.44, 195.88, 1.8
mprj, 910.52, 1635.88, 1.8
mprj, 910.52, 1455.88, 1.8
mprj, 910.52, 1275.88, 1.8
mprj, 910.52, 1095.88, 1.8
mprj, 910.52, 915.88, 1.8
mprj, 910.52, 735.88, 1.8
mprj, 910.52, 555.88, 1.8
mprj, 910.52, 375.88, 1.8
mprj, 910.52, 195.88, 1.8
mprj, 910.52, 15.88, 1.8
mprj, 849.84, 1635.88, 1.8
mprj, 849.84, 1455.88, 1.8
mprj, 849.84, 1275.88, 1.8
mprj, 849.84, 1095.88, 1.8
mprj, 849.84, 915.88, 1.8
mprj, 849.84, 735.88, 1.8
mprj, 849.84, 555.88, 1.8
mprj, 849.84, 375.88, 1.8
mprj, 849.84, 195.88, 1.8
mprj, 730.52, 1635.88, 1.8
mprj, 730.52, 1455.88, 1.8
mprj, 730.52, 1275.88, 1.8
mprj, 730.52, 1095.88, 1.8
mprj, 730.52, 915.88, 1.8
mprj, 730.52, 735.88, 1.8
mprj, 730.52, 555.88, 1.8
mprj, 730.52, 375.88, 1.8
mprj, 730.52, 195.88, 1.8
mprj, 730.52, 15.88, 1.8
mprj, 696.24, 1635.88, 1.8
mprj, 696.24, 1455.88, 1.8
mprj, 696.24, 1275.88, 1.8
mprj, 696.24, 1095.88, 1.8
mprj, 696.24, 915.88, 1.8
mprj, 696.24, 735.88, 1.8
mprj, 696.24, 555.88, 1.8
mprj, 696.24, 375.88, 1.8
mprj, 696.24, 195.88, 1.8
mprj, 550.52, 1635.88, 1.8
mprj, 550.52, 1455.88, 1.8
mprj, 550.52, 1275.88, 1.8
mprj, 550.52, 1095.88, 1.8
mprj, 550.52, 915.88, 1.8
mprj, 550.52, 735.88, 1.8
mprj, 550.52, 555.88, 1.8
mprj, 550.52, 375.88, 1.8
mprj, 550.52, 195.88, 1.8
mprj, 550.52, 15.88, 1.8
mprj, 542.64, 1635.88, 1.8
mprj, 542.64, 1455.88, 1.8
mprj, 542.64, 1275.88, 1.8
mprj, 542.64, 1095.88, 1.8
mprj, 542.64, 915.88, 1.8
mprj, 542.64, 735.88, 1.8
mprj, 542.64, 555.88, 1.8
mprj, 542.64, 375.88, 1.8
mprj, 542.64, 195.88, 1.8
mprj, 389.04, 1635.88, 1.8
mprj, 389.04, 1455.88, 1.8
mprj, 389.04, 1275.88, 1.8
mprj, 389.04, 1095.88, 1.8
mprj, 389.04, 915.88, 1.8
mprj, 389.04, 735.88, 1.8
mprj, 389.04, 555.88, 1.8
mprj, 389.04, 375.88, 1.8
mprj, 389.04, 195.88, 1.8
mprj, 370.52, 1635.88, 1.8
mprj, 370.52, 1455.88, 1.8
mprj, 370.52, 1275.88, 1.8
mprj, 370.52, 1095.88, 1.8
mprj, 370.52, 915.88, 1.8
mprj, 370.52, 735.88, 1.8
mprj, 370.52, 555.88, 1.8
mprj, 370.52, 375.88, 1.8
mprj, 370.52, 195.88, 1.8
mprj, 370.52, 15.88, 1.8
mprj, 235.44, 1635.88, 1.8
mprj, 235.44, 1455.88, 1.8
mprj, 235.44, 1275.88, 1.8
mprj, 235.44, 1095.88, 1.8
mprj, 235.44, 915.88, 1.8
mprj, 235.44, 735.88, 1.8
mprj, 235.44, 555.88, 1.8
mprj, 235.44, 375.88, 1.8
mprj, 235.44, 195.88, 1.8
mprj, 190.52, 1635.88, 1.8
mprj, 190.52, 1455.88, 1.8
mprj, 190.52, 1275.88, 1.8
mprj, 190.52, 1095.88, 1.8
mprj, 190.52, 915.88, 1.8
mprj, 190.52, 735.88, 1.8
mprj, 190.52, 555.88, 1.8
mprj, 190.52, 375.88, 1.8
mprj, 190.52, 195.88, 1.8
mprj, 190.52, 15.88, 1.8
mprj, 81.84, 1635.88, 1.8
mprj, 81.84, 1455.88, 1.8
mprj, 81.84, 1275.88, 1.8
mprj, 81.84, 1095.88, 1.8
mprj, 81.84, 915.88, 1.8
mprj, 81.84, 735.88, 1.8
mprj, 81.84, 555.88, 1.8
mprj, 81.84, 375.88, 1.8
mprj, 81.84, 195.88, 1.8
mprj, 2708.97, 1759.84, 1.8
mprj, 2712.07, 1759.84, 1.8
mprj, 2528.97, 1759.84, 1.8
mprj, 2532.07, 1759.84, 1.8
mprj, 2348.97, 1759.84, 1.8
mprj, 2352.07, 1759.84, 1.8
mprj, 2168.97, 1759.84, 1.8
mprj, 2172.07, 1759.84, 1.8
mprj, 1988.97, 1759.84, 1.8
mprj, 1992.07, 1759.84, 1.8
mprj, 1808.97, 1759.84, 1.8
mprj, 1812.07, 1759.84, 1.8
mprj, 1628.97, 1759.84, 1.8
mprj, 1632.07, 1759.84, 1.8
mprj, 1448.97, 1759.84, 1.8
mprj, 1452.07, 1759.84, 1.8
mprj, 1268.97, 1759.84, 1.8
mprj, 1272.07, 1759.84, 1.8
mprj, 1088.97, 1759.84, 1.8
mprj, 1092.07, 1759.84, 1.8
mprj, 908.97, 1759.84, 1.8
mprj, 912.07, 1759.84, 1.8
mprj, 728.97, 1759.84, 1.8
mprj, 732.07, 1759.84, 1.8
mprj, 548.97, 1759.84, 1.8
mprj, 552.07, 1759.84, 1.8
mprj, 368.97, 1759.84, 1.8
mprj, 372.07, 1759.84, 1.8
mprj, 188.97, 1759.84, 1.8
mprj, 192.07, 1759.84, 1.8

