Instance name,  X location,  Y location,  Voltage 
mprj, 2766.32, 1691.68, 0
mprj, 2766.32, 1511.68, 0
mprj, 2766.32, 1331.68, 0
mprj, 2766.32, 1151.68, 0
mprj, 2766.32, 971.68, 0
mprj, 2766.32, 791.68, 0
mprj, 2766.32, 611.68, 0
mprj, 2766.32, 431.68, 0
mprj, 2766.32, 251.68, 0
mprj, 2766.32, 71.68, 0
mprj, 2586.32, 1691.68, 0
mprj, 2586.32, 1511.68, 0
mprj, 2586.32, 1331.68, 0
mprj, 2586.32, 1151.68, 0
mprj, 2586.32, 971.68, -0
mprj, 2586.32, 791.68, 0
mprj, 2586.32, 611.68, 0
mprj, 2586.32, 431.68, -0
mprj, 2586.32, 251.68, -0
mprj, 2586.32, 71.68, 0
mprj, 2406.32, 1691.68, 0
mprj, 2406.32, 1511.68, 0
mprj, 2406.32, 1331.68, 0
mprj, 2406.32, 1151.68, -0
mprj, 2406.32, 971.68, -0
mprj, 2406.32, 791.68, 0
mprj, 2406.32, 611.68, 0
mprj, 2406.32, 431.68, 0
mprj, 2406.32, 251.68, 0
mprj, 2406.32, 71.68, 0
mprj, 2226.32, 1691.68, 0
mprj, 2226.32, 1511.68, 0
mprj, 2226.32, 1331.68, 0
mprj, 2226.32, 1151.68, 0
mprj, 2226.32, 971.68, 0
mprj, 2226.32, 791.68, 0
mprj, 2226.32, 611.68, 0
mprj, 2226.32, 431.68, 0
mprj, 2226.32, 251.68, 0
mprj, 2226.32, 71.68, 0
mprj, 2046.32, 1691.68, -0
mprj, 2046.32, 1511.68, -0
mprj, 2046.32, 1331.68, 0
mprj, 2046.32, 1151.68, -0
mprj, 2046.32, 971.68, 0
mprj, 2046.32, 791.68, -0
mprj, 2046.32, 611.68, 0
mprj, 2046.32, 431.68, 0
mprj, 2046.32, 251.68, 0
mprj, 2046.32, 71.68, 0
mprj, 1866.32, 1691.68, 0
mprj, 1866.32, 1511.68, 0
mprj, 1866.32, 1331.68, 0
mprj, 1866.32, 1151.68, 0
mprj, 1866.32, 971.68, 0
mprj, 1866.32, 791.68, 0
mprj, 1866.32, 611.68, 0
mprj, 1866.32, 431.68, 0
mprj, 1866.32, 251.68, 0
mprj, 1866.32, 71.68, 0
mprj, 1686.32, 1691.68, 0
mprj, 1686.32, 1511.68, 0
mprj, 1686.32, 1331.68, 0
mprj, 1686.32, 1151.68, 0
mprj, 1686.32, 971.68, 0
mprj, 1686.32, 791.68, 0
mprj, 1686.32, 611.68, 0
mprj, 1686.32, 431.68, 0
mprj, 1686.32, 251.68, 0
mprj, 1686.32, 71.68, 0
mprj, 1506.32, 1691.68, -0
mprj, 1506.32, 1511.68, 0
mprj, 1506.32, 1331.68, 0
mprj, 1506.32, 1151.68, 0
mprj, 1506.32, 971.68, 0
mprj, 1506.32, 791.68, 0
mprj, 1506.32, 611.68, 0
mprj, 1506.32, 431.68, -0
mprj, 1506.32, 251.68, 0
mprj, 1506.32, 71.68, 0
mprj, 1326.32, 1691.68, 0
mprj, 1326.32, 1511.68, 0
mprj, 1326.32, 1331.68, 0
mprj, 1326.32, 1151.68, 0
mprj, 1326.32, 971.68, 0
mprj, 1326.32, 791.68, 0
mprj, 1326.32, 611.68, 0
mprj, 1326.32, 431.68, -0
mprj, 1326.32, 251.68, -0
mprj, 1326.32, 71.68, 0
mprj, 1146.32, 1691.68, 0
mprj, 1146.32, 1511.68, 0
mprj, 1146.32, 1331.68, 0
mprj, 1146.32, 1151.68, 0
mprj, 1146.32, 971.68, 0
mprj, 1146.32, 791.68, 0
mprj, 1146.32, 611.68, 0
mprj, 1146.32, 431.68, 0
mprj, 1146.32, 251.68, 0
mprj, 1146.32, 71.68, 0
mprj, 966.32, 1691.68, 0
mprj, 966.32, 1511.68, 0
mprj, 966.32, 1331.68, 0
mprj, 966.32, 1151.68, 0
mprj, 966.32, 971.68, 0
mprj, 966.32, 791.68, 0
mprj, 966.32, 611.68, 0
mprj, 966.32, 431.68, 0
mprj, 966.32, 251.68, 0
mprj, 966.32, 71.68, 0
mprj, 786.32, 1691.68, 0
mprj, 786.32, 1511.68, 0
mprj, 786.32, 1331.68, 0
mprj, 786.32, 1151.68, 0
mprj, 786.32, 971.68, 0
mprj, 786.32, 791.68, 0
mprj, 786.32, 611.68, 0
mprj, 786.32, 431.68, 0
mprj, 786.32, 251.68, 0
mprj, 786.32, 71.68, 0
mprj, 606.32, 1691.68, -0
mprj, 606.32, 1511.68, 0
mprj, 606.32, 1331.68, 0
mprj, 606.32, 1151.68, 0
mprj, 606.32, 971.68, 0
mprj, 606.32, 791.68, 0
mprj, 606.32, 611.68, 0
mprj, 606.32, 431.68, -0
mprj, 606.32, 251.68, 0
mprj, 606.32, 71.68, 0
mprj, 426.32, 1691.68, 0
mprj, 426.32, 1511.68, 0
mprj, 426.32, 1331.68, 0
mprj, 426.32, 1151.68, 0
mprj, 426.32, 971.68, 0
mprj, 426.32, 791.68, 0
mprj, 426.32, 611.68, 0
mprj, 426.32, 431.68, 0
mprj, 426.32, 251.68, 0
mprj, 426.32, 71.68, 0
mprj, 246.32, 1691.68, 0
mprj, 246.32, 1511.68, 0
mprj, 246.32, 1331.68, 0
mprj, 246.32, 1151.68, 0
mprj, 246.32, 971.68, 0
mprj, 246.32, 791.68, 0
mprj, 246.32, 611.68, 0
mprj, 246.32, 431.68, 0
mprj, 246.32, 251.68, 0
mprj, 246.32, 71.68, 0
mprj, 66.32, 1691.68, 0
mprj, 66.32, 1511.68, 0
mprj, 66.32, 1331.68, 0
mprj, 66.32, 1151.68, 0
mprj, 66.32, 971.68, 0
mprj, 66.32, 791.68, 0
mprj, 66.32, 611.68, -0
mprj, 66.32, 431.68, 0
mprj, 66.32, 251.68, -0
mprj, 66.32, 71.68, -0
mprj, 2764.77, 1759.84, 0
mprj, 2767.87, 1759.84, 0
mprj, 2584.77, 1759.84, 0
mprj, 2587.87, 1759.84, 0
mprj, 2404.77, 1759.84, 0
mprj, 2407.87, 1759.84, 0
mprj, 2224.77, 1759.84, 0
mprj, 2227.87, 1759.84, 0
mprj, 2044.77, 1759.84, 0
mprj, 2047.87, 1759.84, 0
mprj, 1864.77, 1759.84, 0
mprj, 1867.87, 1759.84, 0
mprj, 1684.77, 1759.84, 0
mprj, 1687.87, 1759.84, 0
mprj, 1504.77, 1759.84, 0
mprj, 1507.87, 1759.84, 0
mprj, 1324.77, 1759.84, 0
mprj, 1327.87, 1759.84, 0
mprj, 1144.77, 1759.84, 0
mprj, 1147.87, 1759.84, 0
mprj, 964.77, 1759.84, 0
mprj, 967.87, 1759.84, 0
mprj, 784.77, 1759.84, 0
mprj, 787.87, 1759.84, 0
mprj, 604.77, 1759.84, 0
mprj, 607.87, 1759.84, 0
mprj, 424.77, 1759.84, 0
mprj, 427.87, 1759.84, 0
mprj, 244.77, 1759.84, 0
mprj, 247.87, 1759.84, 0
mprj, 64.77, 1759.84, 0
mprj, 67.87, 1759.84, 0

